  [1m[35m (363.2ms)[0m  [1m[35mCREATE DATABASE "ninety_nine_cats_development" ENCODING = 'unicode'[0m
  [1m[35m (148.3ms)[0m  [1m[35mCREATE DATABASE "ninety_nine_cats_test" ENCODING = 'unicode'[0m
  [1m[35m (11.9ms)[0m  [1m[35mCREATE TABLE "schema_migrations" ("version" character varying NOT NULL PRIMARY KEY)[0m
  [1m[35m (6.7ms)[0m  [1m[35mCREATE TABLE "ar_internal_metadata" ("key" character varying NOT NULL PRIMARY KEY, "value" character varying, "created_at" timestamp(6) NOT NULL, "updated_at" timestamp(6) NOT NULL)[0m
  [1m[35m (0.3ms)[0m  [1m[34mSELECT pg_try_advisory_lock(723150122408807205)[0m
  [1m[36mActiveRecord::SchemaMigration Pluck (0.3ms)[0m  [1m[34mSELECT "schema_migrations"."version" FROM "schema_migrations" ORDER BY "schema_migrations"."version" ASC[0m
Migrating to CreateCats (20230310221107)
  [1m[36mTRANSACTION (0.0ms)[0m  [1m[35mBEGIN[0m
  [1m[35m (7.6ms)[0m  [1m[35mCREATE TABLE "cats" ("id" bigserial primary key, "birth_date" date NOT NULL, "color" character varying NOT NULL, "name" character varying NOT NULL, "sex" character varying(1) NOT NULL, "description" text, "created_at" timestamp(6) NOT NULL, "updated_at" timestamp(6) NOT NULL)[0m
  [1m[36mActiveRecord::SchemaMigration Create (4.6ms)[0m  [1m[32mINSERT INTO "schema_migrations" ("version") VALUES ($1) RETURNING "version"[0m  [["version", "20230310221107"]]
  [1m[36mTRANSACTION (1.7ms)[0m  [1m[35mCOMMIT[0m
  [1m[36mActiveRecord::InternalMetadata Load (1.1ms)[0m  [1m[34mSELECT "ar_internal_metadata".* FROM "ar_internal_metadata" WHERE "ar_internal_metadata"."key" = $1 LIMIT $2[0m  [["key", "environment"], ["LIMIT", 1]]
  [1m[36mTRANSACTION (0.0ms)[0m  [1m[35mBEGIN[0m
  [1m[36mActiveRecord::InternalMetadata Create (0.7ms)[0m  [1m[32mINSERT INTO "ar_internal_metadata" ("key", "value", "created_at", "updated_at") VALUES ($1, $2, $3, $4) RETURNING "key"[0m  [["key", "environment"], ["value", "development"], ["created_at", "2023-03-10 22:16:28.462045"], ["updated_at", "2023-03-10 22:16:28.462045"]]
  [1m[36mTRANSACTION (0.1ms)[0m  [1m[35mCOMMIT[0m
  [1m[35m (0.1ms)[0m  [1m[34mSELECT pg_advisory_unlock(723150122408807205)[0m
  [1m[36mActiveRecord::SchemaMigration Pluck (2.9ms)[0m  [1m[34mSELECT "schema_migrations"."version" FROM "schema_migrations" ORDER BY "schema_migrations"."version" ASC[0m
  [1m[36mActiveRecord::SchemaMigration Pluck (0.8ms)[0m  [1m[34mSELECT "schema_migrations"."version" FROM "schema_migrations" ORDER BY "schema_migrations"."version" ASC[0m
  [1m[36mTRANSACTION (0.1ms)[0m  [1m[35mBEGIN[0m
  [1m[36mCat Create (7.1ms)[0m  [1m[32mINSERT INTO "cats" ("birth_date", "color", "name", "sex", "description", "created_at", "updated_at") VALUES ($1, $2, $3, $4, $5, $6, $7) RETURNING "id"[0m  [["birth_date", "2010-01-01"], ["color", "black"], ["name", "Joe"], ["sex", "M"], ["description", nil], ["created_at", "2023-03-10 22:37:24.887947"], ["updated_at", "2023-03-10 22:37:24.887947"]]
  [1m[36mTRANSACTION (6.2ms)[0m  [1m[35mCOMMIT[0m
  [1m[36mTRANSACTION (0.2ms)[0m  [1m[35mBEGIN[0m
  [1m[36mCat Create (0.9ms)[0m  [1m[32mINSERT INTO "cats" ("birth_date", "color", "name", "sex", "description", "created_at", "updated_at") VALUES ($1, $2, $3, $4, $5, $6, $7) RETURNING "id"[0m  [["birth_date", "2010-01-01"], ["color", "black"], ["name", "Joe"], ["sex", "M"], ["description", nil], ["created_at", "2023-03-10 22:38:15.225337"], ["updated_at", "2023-03-10 22:38:15.225337"]]
  [1m[36mTRANSACTION (5.9ms)[0m  [1m[35mCOMMIT[0m
  [1m[36mTRANSACTION (0.1ms)[0m  [1m[35mBEGIN[0m
  [1m[36mCat Create (0.5ms)[0m  [1m[32mINSERT INTO "cats" ("birth_date", "color", "name", "sex", "description", "created_at", "updated_at") VALUES ($1, $2, $3, $4, $5, $6, $7) RETURNING "id"[0m  [["birth_date", "2010-01-01"], ["color", "black"], ["name", "Joe"], ["sex", "M"], ["description", nil], ["created_at", "2023-03-10 22:43:43.088960"], ["updated_at", "2023-03-10 22:43:43.088960"]]
  [1m[36mTRANSACTION (5.1ms)[0m  [1m[35mCOMMIT[0m
  [1m[36mTRANSACTION (0.1ms)[0m  [1m[35mBEGIN[0m
  [1m[36mCat Create (0.5ms)[0m  [1m[32mINSERT INTO "cats" ("birth_date", "color", "name", "sex", "description", "created_at", "updated_at") VALUES ($1, $2, $3, $4, $5, $6, $7) RETURNING "id"[0m  [["birth_date", "2010-01-01"], ["color", "black"], ["name", "Joe"], ["sex", "M"], ["description", nil], ["created_at", "2023-03-10 22:44:05.769615"], ["updated_at", "2023-03-10 22:44:05.769615"]]
  [1m[36mTRANSACTION (5.8ms)[0m  [1m[35mCOMMIT[0m
  [1m[36mTRANSACTION (0.1ms)[0m  [1m[35mBEGIN[0m
  [1m[36mCat Create (0.6ms)[0m  [1m[32mINSERT INTO "cats" ("birth_date", "color", "name", "sex", "description", "created_at", "updated_at") VALUES ($1, $2, $3, $4, $5, $6, $7) RETURNING "id"[0m  [["birth_date", "2010-01-01"], ["color", "black"], ["name", "Joe"], ["sex", "M"], ["description", nil], ["created_at", "2023-03-10 22:47:01.173139"], ["updated_at", "2023-03-10 22:47:01.173139"]]
  [1m[36mTRANSACTION (5.3ms)[0m  [1m[35mCOMMIT[0m
  [1m[36mTRANSACTION (0.1ms)[0m  [1m[35mBEGIN[0m
  [1m[36mCat Create (0.7ms)[0m  [1m[32mINSERT INTO "cats" ("birth_date", "color", "name", "sex", "description", "created_at", "updated_at") VALUES ($1, $2, $3, $4, $5, $6, $7) RETURNING "id"[0m  [["birth_date", "2010-01-01"], ["color", "black"], ["name", "Joe"], ["sex", "M"], ["description", nil], ["created_at", "2023-03-10 22:47:31.206677"], ["updated_at", "2023-03-10 22:47:31.206677"]]
  [1m[36mTRANSACTION (5.6ms)[0m  [1m[35mCOMMIT[0m
  [1m[36mTRANSACTION (0.1ms)[0m  [1m[35mBEGIN[0m
  [1m[36mCat Create (0.3ms)[0m  [1m[32mINSERT INTO "cats" ("birth_date", "color", "name", "sex", "description", "created_at", "updated_at") VALUES ($1, $2, $3, $4, $5, $6, $7) RETURNING "id"[0m  [["birth_date", "2010-01-01"], ["color", "black"], ["name", "Joe"], ["sex", "M"], ["description", nil], ["created_at", "2023-03-10 22:47:57.015269"], ["updated_at", "2023-03-10 22:47:57.015269"]]
  [1m[36mTRANSACTION (5.9ms)[0m  [1m[35mCOMMIT[0m
  [1m[36mTRANSACTION (0.1ms)[0m  [1m[35mBEGIN[0m
  [1m[36mCat Create (0.6ms)[0m  [1m[32mINSERT INTO "cats" ("birth_date", "color", "name", "sex", "description", "created_at", "updated_at") VALUES ($1, $2, $3, $4, $5, $6, $7) RETURNING "id"[0m  [["birth_date", "2010-01-01"], ["color", "black"], ["name", "Joe"], ["sex", "M"], ["description", nil], ["created_at", "2023-03-10 22:48:20.323659"], ["updated_at", "2023-03-10 22:48:20.323659"]]
  [1m[36mTRANSACTION (5.4ms)[0m  [1m[35mCOMMIT[0m
  [1m[35m (2.5ms)[0m  [1m[35mCREATE DATABASE "ninety_nine_cats_development" ENCODING = 'unicode'[0m
  [1m[35m (0.3ms)[0m  [1m[35mCREATE DATABASE "ninety_nine_cats_test" ENCODING = 'unicode'[0m
  [1m[36mActiveRecord::SchemaMigration Pluck (0.9ms)[0m  [1m[34mSELECT "schema_migrations"."version" FROM "schema_migrations" ORDER BY "schema_migrations"."version" ASC[0m
  [1m[36mActiveRecord::InternalMetadata Pluck (0.4ms)[0m  [1m[34mSELECT "ar_internal_metadata"."value" FROM "ar_internal_metadata" WHERE "ar_internal_metadata"."key" = $1 LIMIT $2[0m  [["key", "environment"], ["LIMIT", 1]]
  [1m[36mActiveRecord::SchemaMigration Pluck (0.1ms)[0m  [1m[34mSELECT "schema_migrations"."version" FROM "schema_migrations" ORDER BY "schema_migrations"."version" ASC[0m
  [1m[36mActiveRecord::InternalMetadata Pluck (0.1ms)[0m  [1m[34mSELECT "ar_internal_metadata"."value" FROM "ar_internal_metadata" WHERE "ar_internal_metadata"."key" = $1 LIMIT $2[0m  [["key", "environment"], ["LIMIT", 1]]
  [1m[36mActiveRecord::SchemaMigration Pluck (0.1ms)[0m  [1m[34mSELECT "schema_migrations"."version" FROM "schema_migrations" ORDER BY "schema_migrations"."version" ASC[0m
  [1m[36mActiveRecord::InternalMetadata Pluck (0.1ms)[0m  [1m[34mSELECT "ar_internal_metadata"."value" FROM "ar_internal_metadata" WHERE "ar_internal_metadata"."key" = $1 LIMIT $2[0m  [["key", "environment"], ["LIMIT", 1]]
  [1m[35mSQL (0.4ms)[0m  [1m[35mCREATE EXTENSION IF NOT EXISTS "plpgsql"[0m
  [1m[35m (5.8ms)[0m  [1m[35mDROP TABLE IF EXISTS "cats" CASCADE[0m
  [1m[35m (6.6ms)[0m  [1m[35mCREATE TABLE "cats" ("id" bigserial primary key, "birth_date" date NOT NULL, "color" character varying NOT NULL, "name" character varying NOT NULL, "sex" character varying(1) NOT NULL, "description" text, "created_at" timestamp(6) NOT NULL, "updated_at" timestamp(6) NOT NULL)[0m
  [1m[36mActiveRecord::SchemaMigration Pluck (0.2ms)[0m  [1m[34mSELECT "schema_migrations"."version" FROM "schema_migrations" ORDER BY "schema_migrations"."version" ASC[0m
  [1m[36mActiveRecord::InternalMetadata Load (0.1ms)[0m  [1m[34mSELECT "ar_internal_metadata".* FROM "ar_internal_metadata" WHERE "ar_internal_metadata"."key" = $1 LIMIT $2[0m  [["key", "environment"], ["LIMIT", 1]]
  [1m[36mActiveRecord::InternalMetadata Load (0.0ms)[0m  [1m[34mSELECT "ar_internal_metadata".* FROM "ar_internal_metadata" WHERE "ar_internal_metadata"."key" = $1 LIMIT $2[0m  [["key", "environment"], ["LIMIT", 1]]
  [1m[36mActiveRecord::InternalMetadata Load (2.8ms)[0m  [1m[34mSELECT "ar_internal_metadata".* FROM "ar_internal_metadata" WHERE "ar_internal_metadata"."key" = $1 LIMIT $2[0m  [["key", "schema_sha1"], ["LIMIT", 1]]
  [1m[36mTRANSACTION (0.0ms)[0m  [1m[35mBEGIN[0m
  [1m[36mActiveRecord::InternalMetadata Create (0.2ms)[0m  [1m[32mINSERT INTO "ar_internal_metadata" ("key", "value", "created_at", "updated_at") VALUES ($1, $2, $3, $4) RETURNING "key"[0m  [["key", "schema_sha1"], ["value", "5201bc27f2ec8003db6aa11ffec4907f94112307"], ["created_at", "2023-03-10 23:09:46.176271"], ["updated_at", "2023-03-10 23:09:46.176271"]]
  [1m[36mTRANSACTION (0.1ms)[0m  [1m[35mCOMMIT[0m
  [1m[35mSQL (0.1ms)[0m  [1m[35mCREATE EXTENSION IF NOT EXISTS "plpgsql"[0m
  [1m[35m (0.0ms)[0m  [1m[35mDROP TABLE IF EXISTS "cats" CASCADE[0m
  [1m[35m (3.2ms)[0m  [1m[35mCREATE TABLE "cats" ("id" bigserial primary key, "birth_date" date NOT NULL, "color" character varying NOT NULL, "name" character varying NOT NULL, "sex" character varying(1) NOT NULL, "description" text, "created_at" timestamp(6) NOT NULL, "updated_at" timestamp(6) NOT NULL)[0m
  [1m[35m (1.0ms)[0m  [1m[35mCREATE TABLE "schema_migrations" ("version" character varying NOT NULL PRIMARY KEY)[0m
  [1m[36mActiveRecord::SchemaMigration Pluck (0.1ms)[0m  [1m[34mSELECT "schema_migrations"."version" FROM "schema_migrations" ORDER BY "schema_migrations"."version" ASC[0m
  [1m[35m (0.1ms)[0m  [1m[32mINSERT INTO "schema_migrations" (version) VALUES (20230310221107)[0m
  [1m[35m (0.9ms)[0m  [1m[35mCREATE TABLE "ar_internal_metadata" ("key" character varying NOT NULL PRIMARY KEY, "value" character varying, "created_at" timestamp(6) NOT NULL, "updated_at" timestamp(6) NOT NULL)[0m
  [1m[36mActiveRecord::InternalMetadata Load (0.1ms)[0m  [1m[34mSELECT "ar_internal_metadata".* FROM "ar_internal_metadata" WHERE "ar_internal_metadata"."key" = $1 LIMIT $2[0m  [["key", "environment"], ["LIMIT", 1]]
  [1m[36mTRANSACTION (0.0ms)[0m  [1m[35mBEGIN[0m
  [1m[36mActiveRecord::InternalMetadata Create (0.1ms)[0m  [1m[32mINSERT INTO "ar_internal_metadata" ("key", "value", "created_at", "updated_at") VALUES ($1, $2, $3, $4) RETURNING "key"[0m  [["key", "environment"], ["value", "development"], ["created_at", "2023-03-10 23:09:46.200425"], ["updated_at", "2023-03-10 23:09:46.200425"]]
  [1m[36mTRANSACTION (0.1ms)[0m  [1m[35mCOMMIT[0m
  [1m[36mActiveRecord::InternalMetadata Load (0.0ms)[0m  [1m[34mSELECT "ar_internal_metadata".* FROM "ar_internal_metadata" WHERE "ar_internal_metadata"."key" = $1 LIMIT $2[0m  [["key", "environment"], ["LIMIT", 1]]
  [1m[36mTRANSACTION (0.0ms)[0m  [1m[35mBEGIN[0m
  [1m[36mActiveRecord::InternalMetadata Update (0.1ms)[0m  [1m[33mUPDATE "ar_internal_metadata" SET "value" = $1, "updated_at" = $2 WHERE "ar_internal_metadata"."key" = $3[0m  [["value", "test"], ["updated_at", "2023-03-10 23:09:46.202396"], ["key", "environment"]]
  [1m[36mTRANSACTION (0.1ms)[0m  [1m[35mCOMMIT[0m
  [1m[36mActiveRecord::InternalMetadata Load (0.0ms)[0m  [1m[34mSELECT "ar_internal_metadata".* FROM "ar_internal_metadata" WHERE "ar_internal_metadata"."key" = $1 LIMIT $2[0m  [["key", "schema_sha1"], ["LIMIT", 1]]
  [1m[36mTRANSACTION (0.0ms)[0m  [1m[35mBEGIN[0m
  [1m[36mActiveRecord::InternalMetadata Create (0.1ms)[0m  [1m[32mINSERT INTO "ar_internal_metadata" ("key", "value", "created_at", "updated_at") VALUES ($1, $2, $3, $4) RETURNING "key"[0m  [["key", "schema_sha1"], ["value", "5201bc27f2ec8003db6aa11ffec4907f94112307"], ["created_at", "2023-03-10 23:09:46.204113"], ["updated_at", "2023-03-10 23:09:46.204113"]]
  [1m[36mTRANSACTION (0.1ms)[0m  [1m[35mCOMMIT[0m
  [1m[36mActiveRecord::SchemaMigration Pluck (0.2ms)[0m  [1m[34mSELECT "schema_migrations"."version" FROM "schema_migrations" ORDER BY "schema_migrations"."version" ASC[0m
Started GET "/" for ::1 at 2023-03-10 15:10:05 -0800
  [1m[36mActiveRecord::SchemaMigration Pluck (1.0ms)[0m  [1m[34mSELECT "schema_migrations"."version" FROM "schema_migrations" ORDER BY "schema_migrations"."version" ASC[0m
Processing by CatsController#index as HTML
  Rendering layout layouts/application.html.erb
  Rendering cats/index.html.erb within layouts/application
  [1m[36mCat Load (7.8ms)[0m  [1m[34mSELECT "cats".* FROM "cats"[0m
  ↳ app/views/cats/index.html.erb:4
  Rendered cats/index.html.erb within layouts/application (Duration: 9.6ms | Allocations: 1260)
  Rendered layout layouts/application.html.erb (Duration: 21.0ms | Allocations: 7766)
Completed 200 OK in 27ms (Views: 17.5ms | ActiveRecord: 7.8ms | Allocations: 11179)


  [1m[36mActiveRecord::SchemaMigration Pluck (0.4ms)[0m  [1m[34mSELECT "schema_migrations"."version" FROM "schema_migrations" ORDER BY "schema_migrations"."version" ASC[0m
  [1m[36mActiveRecord::SchemaMigration Pluck (0.4ms)[0m  [1m[34mSELECT "schema_migrations"."version" FROM "schema_migrations" ORDER BY "schema_migrations"."version" ASC[0m
  [1m[36mTRANSACTION (0.1ms)[0m  [1m[35mBEGIN[0m
  [1m[36mCat Create (4.2ms)[0m  [1m[32mINSERT INTO "cats" ("birth_date", "color", "name", "sex", "description", "created_at", "updated_at") VALUES ($1, $2, $3, $4, $5, $6, $7) RETURNING "id"[0m  [["birth_date", "2010-01-01"], ["color", "brown"], ["name", "bob"], ["sex", "M"], ["description", nil], ["created_at", "2023-03-10 23:13:51.262695"], ["updated_at", "2023-03-10 23:13:51.262695"]]
  [1m[36mTRANSACTION (0.2ms)[0m  [1m[35mCOMMIT[0m
  [1m[36mTRANSACTION (0.0ms)[0m  [1m[35mBEGIN[0m
  [1m[36mCat Create (0.1ms)[0m  [1m[32mINSERT INTO "cats" ("birth_date", "color", "name", "sex", "description", "created_at", "updated_at") VALUES ($1, $2, $3, $4, $5, $6, $7) RETURNING "id"[0m  [["birth_date", "2009-01-01"], ["color", "black"], ["name", "george"], ["sex", "M"], ["description", nil], ["created_at", "2023-03-10 23:13:51.268960"], ["updated_at", "2023-03-10 23:13:51.268960"]]
  [1m[36mTRANSACTION (0.1ms)[0m  [1m[35mCOMMIT[0m
  [1m[36mActiveRecord::SchemaMigration Pluck (0.4ms)[0m  [1m[34mSELECT "schema_migrations"."version" FROM "schema_migrations" ORDER BY "schema_migrations"."version" ASC[0m
  [1m[36mTRANSACTION (0.1ms)[0m  [1m[35mBEGIN[0m
  [1m[36mCat Create (0.5ms)[0m  [1m[32mINSERT INTO "cats" ("birth_date", "color", "name", "sex", "description", "created_at", "updated_at") VALUES ($1, $2, $3, $4, $5, $6, $7) RETURNING "id"[0m  [["birth_date", "2010-01-01"], ["color", "brown"], ["name", "bob"], ["sex", "M"], ["description", nil], ["created_at", "2023-03-10 23:14:03.174777"], ["updated_at", "2023-03-10 23:14:03.174777"]]
  [1m[36mTRANSACTION (0.5ms)[0m  [1m[35mCOMMIT[0m
  [1m[36mTRANSACTION (0.0ms)[0m  [1m[35mBEGIN[0m
  [1m[36mCat Create (0.5ms)[0m  [1m[32mINSERT INTO "cats" ("birth_date", "color", "name", "sex", "description", "created_at", "updated_at") VALUES ($1, $2, $3, $4, $5, $6, $7) RETURNING "id"[0m  [["birth_date", "2009-01-01"], ["color", "black"], ["name", "george"], ["sex", "M"], ["description", nil], ["created_at", "2023-03-10 23:14:03.177732"], ["updated_at", "2023-03-10 23:14:03.177732"]]
  [1m[36mTRANSACTION (0.1ms)[0m  [1m[35mCOMMIT[0m
  [1m[36mTRANSACTION (0.0ms)[0m  [1m[35mBEGIN[0m
  [1m[36mCat Create (0.1ms)[0m  [1m[32mINSERT INTO "cats" ("birth_date", "color", "name", "sex", "description", "created_at", "updated_at") VALUES ($1, $2, $3, $4, $5, $6, $7) RETURNING "id"[0m  [["birth_date", "2008-01-01"], ["color", "grey"], ["name", "sam"], ["sex", "M"], ["description", nil], ["created_at", "2023-03-10 23:14:03.179786"], ["updated_at", "2023-03-10 23:14:03.179786"]]
  [1m[36mTRANSACTION (0.4ms)[0m  [1m[35mCOMMIT[0m
  [1m[36mTRANSACTION (0.1ms)[0m  [1m[35mBEGIN[0m
  [1m[36mCat Create (0.1ms)[0m  [1m[32mINSERT INTO "cats" ("birth_date", "color", "name", "sex", "description", "created_at", "updated_at") VALUES ($1, $2, $3, $4, $5, $6, $7) RETURNING "id"[0m  [["birth_date", "2007-01-01"], ["color", "white"], ["name", "marnie"], ["sex", "F"], ["description", nil], ["created_at", "2023-03-10 23:14:03.181553"], ["updated_at", "2023-03-10 23:14:03.181553"]]
  [1m[36mTRANSACTION (0.1ms)[0m  [1m[35mCOMMIT[0m
  [1m[36mTRANSACTION (0.0ms)[0m  [1m[35mBEGIN[0m
  [1m[36mCat Create (0.2ms)[0m  [1m[32mINSERT INTO "cats" ("birth_date", "color", "name", "sex", "description", "created_at", "updated_at") VALUES ($1, $2, $3, $4, $5, $6, $7) RETURNING "id"[0m  [["birth_date", "2006-01-01"], ["color", "yellow"], ["name", "minnie"], ["sex", "F"], ["description", nil], ["created_at", "2023-03-10 23:14:03.183155"], ["updated_at", "2023-03-10 23:14:03.183155"]]
  [1m[36mTRANSACTION (0.2ms)[0m  [1m[35mCOMMIT[0m
  [1m[36mCat Load (0.4ms)[0m  [1m[34mSELECT "cats".* FROM "cats" ORDER BY "cats"."id" ASC LIMIT $1[0m  [["LIMIT", 1]]
Started GET "/" for ::1 at 2023-03-10 15:14:44 -0800
Started GET "/" for ::1 at 2023-03-10 15:14:44 -0800
  [1m[36mActiveRecord::SchemaMigration Pluck (0.4ms)[0m  [1m[34mSELECT "schema_migrations"."version" FROM "schema_migrations" ORDER BY "schema_migrations"."version" ASC[0m
Processing by CatsController#index as HTML
Processing by CatsController#index as HTML
  Rendering layout layouts/application.html.erb
  Rendering layout layouts/application.html.erb
  Rendering cats/index.html.erb within layouts/application
  Rendering cats/index.html.erb within layouts/application
  [1m[36mCat Load (0.5ms)[0m  [1m[34mSELECT "cats".* FROM "cats"[0m
  ↳ app/views/cats/index.html.erb:4
  Rendered cats/index.html.erb within layouts/application (Duration: 10.2ms | Allocations: 8175)
  Rendered layout layouts/application.html.erb (Duration: 17.1ms | Allocations: 13345)
  [1m[36mCat Load (1.1ms)[0m  [1m[34mSELECT "cats".* FROM "cats"[0m
Completed 200 OK in 23ms (Views: 17.6ms | ActiveRecord: 4.0ms | Allocations: 17074)


  ↳ app/views/cats/index.html.erb:4
  Rendered cats/index.html.erb within layouts/application (Duration: 23.9ms | Allocations: 14962)
  Rendered layout layouts/application.html.erb (Duration: 25.6ms | Allocations: 16590)
Completed 200 OK in 31ms (Views: 18.8ms | ActiveRecord: 10.6ms | Allocations: 20044)


  [1m[36mActiveRecord::SchemaMigration Pluck (0.6ms)[0m  [1m[34mSELECT "schema_migrations"."version" FROM "schema_migrations" ORDER BY "schema_migrations"."version" ASC[0m
  [1m[36mCat Load (0.5ms)[0m  [1m[34mSELECT "cats".* FROM "cats"[0m
  [1m[36mTRANSACTION (0.1ms)[0m  [1m[35mBEGIN[0m
  [1m[36mCat Destroy (0.4ms)[0m  [1m[31mDELETE FROM "cats" WHERE "cats"."id" = $1[0m  [["id", 1]]
  [1m[36mTRANSACTION (4.7ms)[0m  [1m[35mCOMMIT[0m
  [1m[36mTRANSACTION (0.1ms)[0m  [1m[35mBEGIN[0m
  [1m[36mCat Destroy (0.1ms)[0m  [1m[31mDELETE FROM "cats" WHERE "cats"."id" = $1[0m  [["id", 2]]
  [1m[36mTRANSACTION (0.1ms)[0m  [1m[35mCOMMIT[0m
  [1m[36mTRANSACTION (0.0ms)[0m  [1m[35mBEGIN[0m
  [1m[36mCat Destroy (0.3ms)[0m  [1m[31mDELETE FROM "cats" WHERE "cats"."id" = $1[0m  [["id", 3]]
  [1m[36mTRANSACTION (0.1ms)[0m  [1m[35mCOMMIT[0m
  [1m[36mTRANSACTION (0.0ms)[0m  [1m[35mBEGIN[0m
  [1m[36mCat Destroy (0.1ms)[0m  [1m[31mDELETE FROM "cats" WHERE "cats"."id" = $1[0m  [["id", 4]]
  [1m[36mTRANSACTION (0.3ms)[0m  [1m[35mCOMMIT[0m
  [1m[36mTRANSACTION (0.1ms)[0m  [1m[35mBEGIN[0m
  [1m[36mCat Destroy (0.3ms)[0m  [1m[31mDELETE FROM "cats" WHERE "cats"."id" = $1[0m  [["id", 5]]
  [1m[36mTRANSACTION (0.1ms)[0m  [1m[35mCOMMIT[0m
  [1m[36mTRANSACTION (0.1ms)[0m  [1m[35mBEGIN[0m
  [1m[36mCat Destroy (0.2ms)[0m  [1m[31mDELETE FROM "cats" WHERE "cats"."id" = $1[0m  [["id", 6]]
  [1m[36mTRANSACTION (0.3ms)[0m  [1m[35mCOMMIT[0m
  [1m[36mTRANSACTION (0.0ms)[0m  [1m[35mBEGIN[0m
  [1m[36mCat Destroy (0.1ms)[0m  [1m[31mDELETE FROM "cats" WHERE "cats"."id" = $1[0m  [["id", 7]]
  [1m[36mTRANSACTION (0.1ms)[0m  [1m[35mCOMMIT[0m
  [1m[36mTRANSACTION (0.1ms)[0m  [1m[35mBEGIN[0m
  [1m[36mCat Create (0.3ms)[0m  [1m[32mINSERT INTO "cats" ("birth_date", "color", "name", "sex", "description", "created_at", "updated_at") VALUES ($1, $2, $3, $4, $5, $6, $7) RETURNING "id"[0m  [["birth_date", "2010-01-01"], ["color", "brown"], ["name", "bob"], ["sex", "M"], ["description", nil], ["created_at", "2023-03-10 23:15:22.145488"], ["updated_at", "2023-03-10 23:15:22.145488"]]
  [1m[36mTRANSACTION (0.1ms)[0m  [1m[35mCOMMIT[0m
  [1m[36mTRANSACTION (0.1ms)[0m  [1m[35mBEGIN[0m
  [1m[36mCat Create (0.2ms)[0m  [1m[32mINSERT INTO "cats" ("birth_date", "color", "name", "sex", "description", "created_at", "updated_at") VALUES ($1, $2, $3, $4, $5, $6, $7) RETURNING "id"[0m  [["birth_date", "2009-01-01"], ["color", "black"], ["name", "george"], ["sex", "M"], ["description", nil], ["created_at", "2023-03-10 23:15:22.147387"], ["updated_at", "2023-03-10 23:15:22.147387"]]
  [1m[36mTRANSACTION (0.1ms)[0m  [1m[35mCOMMIT[0m
  [1m[36mTRANSACTION (0.0ms)[0m  [1m[35mBEGIN[0m
  [1m[36mCat Create (1.8ms)[0m  [1m[32mINSERT INTO "cats" ("birth_date", "color", "name", "sex", "description", "created_at", "updated_at") VALUES ($1, $2, $3, $4, $5, $6, $7) RETURNING "id"[0m  [["birth_date", "2008-01-01"], ["color", "grey"], ["name", "sam"], ["sex", "M"], ["description", nil], ["created_at", "2023-03-10 23:15:22.148710"], ["updated_at", "2023-03-10 23:15:22.148710"]]
  [1m[36mTRANSACTION (0.2ms)[0m  [1m[35mCOMMIT[0m
  [1m[36mTRANSACTION (0.1ms)[0m  [1m[35mBEGIN[0m
  [1m[36mCat Create (0.2ms)[0m  [1m[32mINSERT INTO "cats" ("birth_date", "color", "name", "sex", "description", "created_at", "updated_at") VALUES ($1, $2, $3, $4, $5, $6, $7) RETURNING "id"[0m  [["birth_date", "2007-01-01"], ["color", "white"], ["name", "marnie"], ["sex", "F"], ["description", nil], ["created_at", "2023-03-10 23:15:22.151679"], ["updated_at", "2023-03-10 23:15:22.151679"]]
  [1m[36mTRANSACTION (0.1ms)[0m  [1m[35mCOMMIT[0m
  [1m[36mTRANSACTION (0.1ms)[0m  [1m[35mBEGIN[0m
  [1m[36mCat Create (0.1ms)[0m  [1m[32mINSERT INTO "cats" ("birth_date", "color", "name", "sex", "description", "created_at", "updated_at") VALUES ($1, $2, $3, $4, $5, $6, $7) RETURNING "id"[0m  [["birth_date", "2006-01-01"], ["color", "yellow"], ["name", "minnie"], ["sex", "F"], ["description", nil], ["created_at", "2023-03-10 23:15:22.152901"], ["updated_at", "2023-03-10 23:15:22.152901"]]
  [1m[36mTRANSACTION (0.1ms)[0m  [1m[35mCOMMIT[0m
Started GET "/" for ::1 at 2023-03-10 15:15:30 -0800
  [1m[36mActiveRecord::SchemaMigration Pluck (0.6ms)[0m  [1m[34mSELECT "schema_migrations"."version" FROM "schema_migrations" ORDER BY "schema_migrations"."version" ASC[0m
Processing by CatsController#index as HTML
  Rendering layout layouts/application.html.erb
  Rendering cats/index.html.erb within layouts/application
  [1m[36mCat Load (1.1ms)[0m  [1m[34mSELECT "cats".* FROM "cats"[0m
  ↳ app/views/cats/index.html.erb:4
  Rendered cats/index.html.erb within layouts/application (Duration: 11.7ms | Allocations: 6831)
  Rendered layout layouts/application.html.erb (Duration: 16.5ms | Allocations: 10360)
Completed 200 OK in 21ms (Views: 14.8ms | ActiveRecord: 5.1ms | Allocations: 13783)


Started GET "/" for ::1 at 2023-03-10 15:21:35 -0800
  [1m[36mActiveRecord::SchemaMigration Pluck (0.5ms)[0m  [1m[34mSELECT "schema_migrations"."version" FROM "schema_migrations" ORDER BY "schema_migrations"."version" ASC[0m
Processing by CatsController#index as HTML
  Rendering layout layouts/application.html.erb
  Rendering cats/index.html.erb within layouts/application
  [1m[36mCat Load (0.5ms)[0m  [1m[34mSELECT "cats".* FROM "cats"[0m
  ↳ app/views/cats/index.html.erb:4
  Rendered cats/index.html.erb within layouts/application (Duration: 9.9ms | Allocations: 6980)
  Rendered layout layouts/application.html.erb (Duration: 15.3ms | Allocations: 10521)
Completed 200 OK in 20ms (Views: 13.9ms | ActiveRecord: 4.5ms | Allocations: 13944)


Started GET "/" for ::1 at 2023-03-10 15:21:36 -0800
Processing by CatsController#index as HTML
  Rendering layout layouts/application.html.erb
  Rendering cats/index.html.erb within layouts/application
  [1m[36mCat Load (0.3ms)[0m  [1m[34mSELECT "cats".* FROM "cats"[0m
  ↳ app/views/cats/index.html.erb:4
  Rendered cats/index.html.erb within layouts/application (Duration: 2.7ms | Allocations: 739)
  Rendered layout layouts/application.html.erb (Duration: 19.4ms | Allocations: 1873)
Completed 200 OK in 20ms (Views: 19.7ms | ActiveRecord: 0.3ms | Allocations: 2143)


Started GET "/" for ::1 at 2023-03-10 15:21:36 -0800
Processing by CatsController#index as HTML
  Rendering layout layouts/application.html.erb
  Rendering cats/index.html.erb within layouts/application
  [1m[36mCat Load (0.4ms)[0m  [1m[34mSELECT "cats".* FROM "cats"[0m
  ↳ app/views/cats/index.html.erb:4
  Rendered cats/index.html.erb within layouts/application (Duration: 3.4ms | Allocations: 679)
  Rendered layout layouts/application.html.erb (Duration: 6.9ms | Allocations: 1777)
Completed 200 OK in 8ms (Views: 7.0ms | ActiveRecord: 0.4ms | Allocations: 2001)


Started GET "/" for ::1 at 2023-03-10 15:21:36 -0800
Processing by CatsController#index as HTML
  Rendering layout layouts/application.html.erb
  Rendering cats/index.html.erb within layouts/application
  [1m[36mCat Load (0.6ms)[0m  [1m[34mSELECT "cats".* FROM "cats"[0m
  ↳ app/views/cats/index.html.erb:4
  Rendered cats/index.html.erb within layouts/application (Duration: 4.2ms | Allocations: 672)
  Rendered layout layouts/application.html.erb (Duration: 6.8ms | Allocations: 1774)
Completed 200 OK in 8ms (Views: 7.2ms | ActiveRecord: 0.6ms | Allocations: 1990)


Started GET "/" for ::1 at 2023-03-10 15:23:31 -0800
Processing by CatsController#index as HTML
  Rendering layout layouts/application.html.erb
  Rendering cats/index.html.erb within layouts/application
  [1m[36mCat Load (0.3ms)[0m  [1m[34mSELECT "cats".* FROM "cats"[0m
  ↳ app/views/cats/index.html.erb:4
  Rendered cats/index.html.erb within layouts/application (Duration: 1.7ms | Allocations: 985)
  Rendered layout layouts/application.html.erb (Duration: 4.1ms | Allocations: 2473)
Completed 200 OK in 7ms (Views: 6.3ms | ActiveRecord: 0.3ms | Allocations: 3176)


Started GET "/" for ::1 at 2023-03-10 15:23:32 -0800
Processing by CatsController#index as HTML
  Rendering layout layouts/application.html.erb
  Rendering cats/index.html.erb within layouts/application
  [1m[36mCat Load (0.6ms)[0m  [1m[34mSELECT "cats".* FROM "cats"[0m
  ↳ app/views/cats/index.html.erb:4
  Rendered cats/index.html.erb within layouts/application (Duration: 4.0ms | Allocations: 672)
  Rendered layout layouts/application.html.erb (Duration: 8.3ms | Allocations: 1786)
Completed 200 OK in 9ms (Views: 8.5ms | ActiveRecord: 0.6ms | Allocations: 2024)


Started GET "/" for ::1 at 2023-03-10 15:33:01 -0800
Processing by CatsController#index as HTML
  Rendering layout layouts/application.html.erb
  Rendering cats/index.html.erb within layouts/application
  [1m[36mCat Load (0.5ms)[0m  [1m[34mSELECT "cats".* FROM "cats"[0m
  ↳ app/views/cats/index.html.erb:4
  Rendered cats/index.html.erb within layouts/application (Duration: 31.9ms | Allocations: 4007)
  Rendered layout layouts/application.html.erb (Duration: 36.1ms | Allocations: 5507)
Completed 200 OK in 41ms (Views: 40.5ms | ActiveRecord: 13.2ms | Allocations: 6209)


Started GET "/" for ::1 at 2023-03-10 15:33:02 -0800
Processing by CatsController#index as HTML
  Rendering layout layouts/application.html.erb
  Rendering cats/index.html.erb within layouts/application
  [1m[36mCat Load (0.3ms)[0m  [1m[34mSELECT "cats".* FROM "cats"[0m
  ↳ app/views/cats/index.html.erb:4
  Rendered cats/index.html.erb within layouts/application (Duration: 2.1ms | Allocations: 672)
  Rendered layout layouts/application.html.erb (Duration: 6.5ms | Allocations: 1807)
Completed 200 OK in 7ms (Views: 6.8ms | ActiveRecord: 0.3ms | Allocations: 2046)


Started GET "/cats/id" for ::1 at 2023-03-10 15:33:03 -0800
Processing by CatsController#show as HTML
  Parameters: {"id"=>"id"}
  [1m[36mCat Load (0.3ms)[0m  [1m[34mSELECT "cats".* FROM "cats" WHERE "cats"."id" = $1 LIMIT $2[0m  [["id", nil], ["LIMIT", 1]]
  ↳ app/controllers/cats_controller.rb:12:in `show'
Completed 404 Not Found in 34ms (ActiveRecord: 0.8ms | Allocations: 4044)



ActiveRecord::RecordNotFound - Couldn't find Cat with 'id'=id:
  app/controllers/cats_controller.rb:12:in `show'

Started POST "/__better_errors/0001ac8eb5d0f7fc/variables" for ::1 at 2023-03-10 15:33:03 -0800
Started GET "/" for ::1 at 2023-03-10 15:35:10 -0800
Processing by CatsController#index as HTML
  Rendering layout layouts/application.html.erb
  Rendering cats/index.html.erb within layouts/application
  [1m[36mCat Load (0.6ms)[0m  [1m[34mSELECT "cats".* FROM "cats"[0m
  ↳ app/views/cats/index.html.erb:4
  Rendered cats/index.html.erb within layouts/application (Duration: 9.9ms | Allocations: 982)
  Rendered layout layouts/application.html.erb (Duration: 25.7ms | Allocations: 2495)
Completed 200 OK in 30ms (Views: 28.5ms | ActiveRecord: 0.6ms | Allocations: 3216)


Started GET "/" for ::1 at 2023-03-10 15:35:12 -0800
Processing by CatsController#index as HTML
  Rendering layout layouts/application.html.erb
  Rendering cats/index.html.erb within layouts/application
  [1m[36mCat Load (1.1ms)[0m  [1m[34mSELECT "cats".* FROM "cats"[0m
  ↳ app/views/cats/index.html.erb:4
  Rendered cats/index.html.erb within layouts/application (Duration: 3.0ms | Allocations: 672)
  Rendered layout layouts/application.html.erb (Duration: 6.7ms | Allocations: 1767)
Completed 200 OK in 7ms (Views: 6.1ms | ActiveRecord: 1.1ms | Allocations: 2005)


Started GET "/" for ::1 at 2023-03-10 15:35:12 -0800
Processing by CatsController#index as HTML
  Rendering layout layouts/application.html.erb
  Rendering cats/index.html.erb within layouts/application
  [1m[36mCat Load (0.2ms)[0m  [1m[34mSELECT "cats".* FROM "cats"[0m
  ↳ app/views/cats/index.html.erb:4
  Rendered cats/index.html.erb within layouts/application (Duration: 3.2ms | Allocations: 672)
  Rendered layout layouts/application.html.erb (Duration: 7.0ms | Allocations: 1773)
Completed 200 OK in 8ms (Views: 7.3ms | ActiveRecord: 0.2ms | Allocations: 1988)


Started GET "/cats/id" for ::1 at 2023-03-10 15:35:14 -0800
Processing by CatsController#show as HTML
  Parameters: {"id"=>"id"}
  [1m[36mCat Load (0.3ms)[0m  [1m[34mSELECT "cats".* FROM "cats" WHERE "cats"."id" = $1 LIMIT $2[0m  [["id", nil], ["LIMIT", 1]]
  ↳ app/controllers/cats_controller.rb:12:in `show'
Completed 404 Not Found in 2ms (ActiveRecord: 0.3ms | Allocations: 1082)



ActiveRecord::RecordNotFound - Couldn't find Cat with 'id'=id:
  app/controllers/cats_controller.rb:12:in `show'

Started POST "/__better_errors/159195d35a4f2ad3/variables" for ::1 at 2023-03-10 15:35:14 -0800
Started GET "/" for ::1 at 2023-03-10 15:38:49 -0800
Processing by CatsController#index as HTML
  Rendering layout layouts/application.html.erb
  Rendering cats/index.html.erb within layouts/application
  [1m[36mCat Load (0.5ms)[0m  [1m[34mSELECT "cats".* FROM "cats"[0m
  ↳ app/views/cats/index.html.erb:4
  Rendered cats/index.html.erb within layouts/application (Duration: 4.8ms | Allocations: 764)
  Rendered layout layouts/application.html.erb (Duration: 11.9ms | Allocations: 2045)
Completed 200 OK in 14ms (Views: 12.4ms | ActiveRecord: 0.5ms | Allocations: 2321)


Started GET "/" for ::1 at 2023-03-10 15:40:22 -0800
Processing by CatsController#index as HTML
  Rendering layout layouts/application.html.erb
  Rendering cats/index.html.erb within layouts/application
  [1m[36mCat Load (0.4ms)[0m  [1m[34mSELECT "cats".* FROM "cats"[0m
  ↳ app/views/cats/index.html.erb:4
  Rendered cats/index.html.erb within layouts/application (Duration: 5.3ms | Allocations: 1081)
  Rendered layout layouts/application.html.erb (Duration: 12.4ms | Allocations: 2596)
Completed 200 OK in 17ms (Views: 15.5ms | ActiveRecord: 0.4ms | Allocations: 3290)


Started GET "/" for ::1 at 2023-03-10 15:40:22 -0800
Processing by CatsController#index as HTML
  Rendering layout layouts/application.html.erb
  Rendering cats/index.html.erb within layouts/application
  [1m[36mCat Load (0.2ms)[0m  [1m[34mSELECT "cats".* FROM "cats"[0m
  ↳ app/views/cats/index.html.erb:4
  Rendered cats/index.html.erb within layouts/application (Duration: 2.5ms | Allocations: 776)
  Rendered layout layouts/application.html.erb (Duration: 6.9ms | Allocations: 1890)
Completed 200 OK in 8ms (Views: 7.5ms | ActiveRecord: 0.2ms | Allocations: 2127)


Started GET "/" for ::1 at 2023-03-10 15:40:46 -0800
Processing by CatsController#index as HTML
  Rendering layout layouts/application.html.erb
  Rendering cats/index.html.erb within layouts/application
  [1m[36mCat Load (0.7ms)[0m  [1m[34mSELECT "cats".* FROM "cats"[0m
  ↳ app/views/cats/index.html.erb:4
  Rendered cats/index.html.erb within layouts/application (Duration: 5.9ms | Allocations: 1080)
  Rendered layout layouts/application.html.erb (Duration: 10.2ms | Allocations: 2571)
Completed 200 OK in 13ms (Views: 11.7ms | ActiveRecord: 0.7ms | Allocations: 3264)


Started GET "/cats/id" for ::1 at 2023-03-10 15:40:47 -0800
Processing by CatsController#show as HTML
  Parameters: {"id"=>"id"}
  [1m[36mCat Load (0.3ms)[0m  [1m[34mSELECT "cats".* FROM "cats" WHERE "cats"."id" = $1 LIMIT $2[0m  [["id", nil], ["LIMIT", 1]]
  ↳ app/controllers/cats_controller.rb:12:in `show'
Completed 404 Not Found in 3ms (ActiveRecord: 0.3ms | Allocations: 1084)



ActiveRecord::RecordNotFound - Couldn't find Cat with 'id'=id:
  app/controllers/cats_controller.rb:12:in `show'

Started POST "/__better_errors/82b633f02d504e3a/variables" for ::1 at 2023-03-10 15:40:47 -0800
Started GET "/" for ::1 at 2023-03-10 16:17:06 -0800
  [1m[36mActiveRecord::SchemaMigration Pluck (0.8ms)[0m  [1m[34mSELECT "schema_migrations"."version" FROM "schema_migrations" ORDER BY "schema_migrations"."version" ASC[0m
Processing by CatsController#index as HTML
  Rendering layout layouts/application.html.erb
  Rendering cats/index.html.erb within layouts/application
  [1m[36mCat Load (0.6ms)[0m  [1m[34mSELECT "cats".* FROM "cats"[0m
  ↳ app/views/cats/index.html.erb:4
  Rendered cats/index.html.erb within layouts/application (Duration: 22.8ms | Allocations: 7080)
  Rendered layout layouts/application.html.erb (Duration: 29.8ms | Allocations: 10600)
Completed 200 OK in 36ms (Views: 18.8ms | ActiveRecord: 15.9ms | Allocations: 14023)


Started GET "/cats/id" for ::1 at 2023-03-10 16:17:07 -0800
Processing by CatsController#show as HTML
  Parameters: {"id"=>"id"}
  [1m[36mCat Load (0.2ms)[0m  [1m[34mSELECT "cats".* FROM "cats" WHERE "cats"."id" = $1 LIMIT $2[0m  [["id", nil], ["LIMIT", 1]]
  ↳ app/controllers/cats_controller.rb:12:in `show'
Completed 404 Not Found in 21ms (ActiveRecord: 1.5ms | Allocations: 4069)



ActiveRecord::RecordNotFound - Couldn't find Cat with 'id'=id:
  app/controllers/cats_controller.rb:12:in `show'

Started POST "/__better_errors/504f3896a95c3d26/variables" for ::1 at 2023-03-10 16:17:07 -0800
Started GET "/cats/id" for ::1 at 2023-03-10 16:19:20 -0800
Processing by CatsController#show as HTML
  Parameters: {"id"=>"id"}
  [1m[36mCat Load (0.9ms)[0m  [1m[34mSELECT "cats".* FROM "cats" WHERE "cats"."id" = $1 LIMIT $2[0m  [["id", nil], ["LIMIT", 1]]
  ↳ app/controllers/cats_controller.rb:12:in `show'
Completed 404 Not Found in 6ms (ActiveRecord: 0.9ms | Allocations: 1155)



ActiveRecord::RecordNotFound - Couldn't find Cat with 'id'=id:
  app/controllers/cats_controller.rb:12:in `show'

Started POST "/__better_errors/68c52b0a213fa24a/variables" for ::1 at 2023-03-10 16:19:20 -0800
Started GET "/cats/id" for ::1 at 2023-03-10 16:19:21 -0800
Processing by CatsController#show as HTML
  Parameters: {"id"=>"id"}
  [1m[36mCat Load (0.5ms)[0m  [1m[34mSELECT "cats".* FROM "cats" WHERE "cats"."id" = $1 LIMIT $2[0m  [["id", nil], ["LIMIT", 1]]
  ↳ app/controllers/cats_controller.rb:12:in `show'
Completed 404 Not Found in 3ms (ActiveRecord: 0.5ms | Allocations: 1157)



ActiveRecord::RecordNotFound - Couldn't find Cat with 'id'=id:
  app/controllers/cats_controller.rb:12:in `show'

Started POST "/__better_errors/6348830e5e729654/variables" for ::1 at 2023-03-10 16:19:21 -0800
Started GET "/cats/id" for ::1 at 2023-03-10 16:19:22 -0800
Processing by CatsController#show as HTML
  Parameters: {"id"=>"id"}
  [1m[36mCat Load (0.2ms)[0m  [1m[34mSELECT "cats".* FROM "cats" WHERE "cats"."id" = $1 LIMIT $2[0m  [["id", nil], ["LIMIT", 1]]
  ↳ app/controllers/cats_controller.rb:12:in `show'
Completed 404 Not Found in 3ms (ActiveRecord: 0.2ms | Allocations: 1139)



ActiveRecord::RecordNotFound - Couldn't find Cat with 'id'=id:
  app/controllers/cats_controller.rb:12:in `show'

Started POST "/__better_errors/d5c67aaf9e0ac359/variables" for ::1 at 2023-03-10 16:19:23 -0800
Started GET "/cats/id" for ::1 at 2023-03-10 16:20:11 -0800
Processing by CatsController#show as HTML
  Parameters: {"id"=>"id"}
  [1m[36mCat Load (0.8ms)[0m  [1m[34mSELECT "cats".* FROM "cats" WHERE "cats"."id" = $1 LIMIT $2[0m  [["id", nil], ["LIMIT", 1]]
  ↳ app/controllers/cats_controller.rb:12:in `show'
Completed 404 Not Found in 5ms (ActiveRecord: 0.8ms | Allocations: 1136)



ActiveRecord::RecordNotFound - Couldn't find Cat with 'id'=id:
  app/controllers/cats_controller.rb:12:in `show'

Started POST "/__better_errors/71d5dbb5c14bdb34/variables" for ::1 at 2023-03-10 16:20:11 -0800
Started GET "/cats/id" for ::1 at 2023-03-10 16:20:17 -0800
Processing by CatsController#show as HTML
  Parameters: {"id"=>"id"}
  [1m[36mCat Load (0.5ms)[0m  [1m[34mSELECT "cats".* FROM "cats" WHERE "cats"."id" = $1 LIMIT $2[0m  [["id", nil], ["LIMIT", 1]]
  ↳ app/controllers/cats_controller.rb:12:in `show'
Completed 404 Not Found in 2ms (ActiveRecord: 0.5ms | Allocations: 1138)



ActiveRecord::RecordNotFound - Couldn't find Cat with 'id'=id:
  app/controllers/cats_controller.rb:12:in `show'

Started POST "/__better_errors/0ceaa2004b23ab39/variables" for ::1 at 2023-03-10 16:20:17 -0800
Started GET "/cats/id" for ::1 at 2023-03-10 16:20:21 -0800
Processing by CatsController#show as HTML
  Parameters: {"id"=>"id"}
  [1m[36mCat Load (0.5ms)[0m  [1m[34mSELECT "cats".* FROM "cats" WHERE "cats"."id" = $1 LIMIT $2[0m  [["id", nil], ["LIMIT", 1]]
  ↳ app/controllers/cats_controller.rb:12:in `show'
Completed 404 Not Found in 4ms (ActiveRecord: 0.5ms | Allocations: 1138)



ActiveRecord::RecordNotFound - Couldn't find Cat with 'id'=id:
  app/controllers/cats_controller.rb:12:in `show'

Started POST "/__better_errors/b832d86c63070dbf/variables" for ::1 at 2023-03-10 16:20:21 -0800
Started POST "/__better_errors/b832d86c63070dbf/variables" for ::1 at 2023-03-10 16:20:23 -0800
Started GET "/cats/1" for ::1 at 2023-03-10 16:20:26 -0800
Processing by CatsController#show as HTML
  Parameters: {"id"=>"1"}
  [1m[36mCat Load (1.3ms)[0m  [1m[34mSELECT "cats".* FROM "cats" WHERE "cats"."id" = $1 LIMIT $2[0m  [["id", 1], ["LIMIT", 1]]
  ↳ app/controllers/cats_controller.rb:12:in `show'
Completed 404 Not Found in 4ms (ActiveRecord: 1.3ms | Allocations: 1147)



ActiveRecord::RecordNotFound - Couldn't find Cat with 'id'=1:
  app/controllers/cats_controller.rb:12:in `show'

Started POST "/__better_errors/503a093fb7f34f3e/variables" for ::1 at 2023-03-10 16:20:26 -0800
Started GET "/cats/1" for ::1 at 2023-03-10 16:20:29 -0800
Processing by CatsController#show as HTML
  Parameters: {"id"=>"1"}
  [1m[36mCat Load (0.4ms)[0m  [1m[34mSELECT "cats".* FROM "cats" WHERE "cats"."id" = $1 LIMIT $2[0m  [["id", 1], ["LIMIT", 1]]
  ↳ app/controllers/cats_controller.rb:12:in `show'
Completed 404 Not Found in 2ms (ActiveRecord: 0.4ms | Allocations: 1139)



ActiveRecord::RecordNotFound - Couldn't find Cat with 'id'=1:
  app/controllers/cats_controller.rb:12:in `show'

Started POST "/__better_errors/48bbfe916b01bfdf/variables" for ::1 at 2023-03-10 16:20:29 -0800
Started GET "/cats/id" for ::1 at 2023-03-10 16:20:34 -0800
Processing by CatsController#show as HTML
  Parameters: {"id"=>"id"}
  [1m[36mCat Load (0.8ms)[0m  [1m[34mSELECT "cats".* FROM "cats" WHERE "cats"."id" = $1 LIMIT $2[0m  [["id", nil], ["LIMIT", 1]]
  ↳ app/controllers/cats_controller.rb:12:in `show'
Completed 404 Not Found in 6ms (ActiveRecord: 0.8ms | Allocations: 1138)



ActiveRecord::RecordNotFound - Couldn't find Cat with 'id'=id:
  app/controllers/cats_controller.rb:12:in `show'

Started POST "/__better_errors/e9a31e81a3223dba/variables" for ::1 at 2023-03-10 16:20:34 -0800
Started POST "/__better_errors/48bbfe916b01bfdf/variables" for ::1 at 2023-03-10 16:21:34 -0800
Started GET "/cats/1" for ::1 at 2023-03-10 16:21:35 -0800
Processing by CatsController#show as HTML
  Parameters: {"id"=>"1"}
  [1m[36mCat Load (0.6ms)[0m  [1m[34mSELECT "cats".* FROM "cats" WHERE "cats"."id" = $1 LIMIT $2[0m  [["id", 1], ["LIMIT", 1]]
  ↳ app/controllers/cats_controller.rb:12:in `show'
Completed 404 Not Found in 5ms (ActiveRecord: 0.6ms | Allocations: 1136)



ActiveRecord::RecordNotFound - Couldn't find Cat with 'id'=1:
  app/controllers/cats_controller.rb:12:in `show'

Started POST "/__better_errors/97908cd8adf5a498/variables" for ::1 at 2023-03-10 16:21:35 -0800
Started POST "/__better_errors/e9a31e81a3223dba/variables" for ::1 at 2023-03-10 16:21:36 -0800
Started GET "/" for ::1 at 2023-03-10 16:21:37 -0800
Processing by CatsController#index as HTML
  Rendering layout layouts/application.html.erb
  Rendering cats/index.html.erb within layouts/application
  Rendered cats/index.html.erb within layouts/application (Duration: 21.5ms | Allocations: 5995)
  Rendered layout layouts/application.html.erb (Duration: 21.7ms | Allocations: 6092)
Completed 500 Internal Server Error in 25ms (ActiveRecord: 0.0ms | Allocations: 6799)



NameError - undefined local variable or method `new_user_url' for #<ActionView::Base:0x00000000004ba0>
Did you mean?  new_cat_url:
  app/views/cats/index.html.erb:3
  app/controllers/cats_controller.rb:4:in `index'

Started POST "/__better_errors/d0e6c693cef67da4/variables" for ::1 at 2023-03-10 16:21:37 -0800
  [1m[36mCat Load (0.7ms)[0m  [1m[34mSELECT "cats".* FROM "cats" /* loading for inspect */ LIMIT $1[0m  [["LIMIT", 11]]
  ↳ (eval):72:in `block in render'
  [1m[36mCACHE Cat Load (0.0ms)[0m  [1m[34mSELECT "cats".* FROM "cats" /* loading for inspect */ LIMIT $1[0m  [["LIMIT", 11]]
  ↳ (eval):72:in `block in render'
Started GET "/" for ::1 at 2023-03-10 16:26:57 -0800
Processing by CatsController#index as HTML
  Rendering layout layouts/application.html.erb
  Rendering cats/index.html.erb within layouts/application
  Rendered cats/index.html.erb within layouts/application (Duration: 7.3ms | Allocations: 5206)
  Rendered layout layouts/application.html.erb (Duration: 7.4ms | Allocations: 5295)
Completed 500 Internal Server Error in 10ms (ActiveRecord: 0.0ms | Allocations: 7066)



NameError - undefined local variable or method `new_user_url' for #<ActionView::Base:0x000000000057a8>
Did you mean?  new_cat_url:
  app/views/cats/index.html.erb:3
  app/controllers/cats_controller.rb:4:in `index'

Started POST "/__better_errors/3d46ebd029a0fb62/variables" for ::1 at 2023-03-10 16:26:58 -0800
  [1m[36mCat Load (0.7ms)[0m  [1m[34mSELECT "cats".* FROM "cats" /* loading for inspect */ LIMIT $1[0m  [["LIMIT", 11]]
  ↳ (eval):72:in `block in render'
  [1m[36mCACHE Cat Load (0.0ms)[0m  [1m[34mSELECT "cats".* FROM "cats" /* loading for inspect */ LIMIT $1[0m  [["LIMIT", 11]]
  ↳ (eval):72:in `block in render'
Started POST "/__better_errors/3d46ebd029a0fb62/variables" for ::1 at 2023-03-10 16:27:00 -0800
  [1m[36mCat Load (0.2ms)[0m  [1m[34mSELECT "cats".* FROM "cats" /* loading for inspect */ LIMIT $1[0m  [["LIMIT", 11]]
  ↳ (eval):72:in `block in render'
  [1m[36mCACHE Cat Load (0.0ms)[0m  [1m[34mSELECT "cats".* FROM "cats" /* loading for inspect */ LIMIT $1[0m  [["LIMIT", 11]]
  ↳ (eval):72:in `block in render'
Started GET "/" for ::1 at 2023-03-10 16:27:01 -0800
Processing by CatsController#index as HTML
  Rendering layout layouts/application.html.erb
  Rendering cats/index.html.erb within layouts/application
  Rendered cats/index.html.erb within layouts/application (Duration: 15.8ms | Allocations: 4977)
  Rendered layout layouts/application.html.erb (Duration: 16.0ms | Allocations: 5058)
Completed 500 Internal Server Error in 17ms (ActiveRecord: 0.0ms | Allocations: 5303)



NameError - undefined local variable or method `new_user_url' for #<ActionView::Base:0x00000000005870>
Did you mean?  new_cat_url:
  app/views/cats/index.html.erb:3
  app/controllers/cats_controller.rb:4:in `index'

Started POST "/__better_errors/7575ade9969661a8/variables" for ::1 at 2023-03-10 16:27:01 -0800
  [1m[36mCat Load (0.3ms)[0m  [1m[34mSELECT "cats".* FROM "cats" /* loading for inspect */ LIMIT $1[0m  [["LIMIT", 11]]
  ↳ (eval):72:in `block in render'
  [1m[36mCACHE Cat Load (0.0ms)[0m  [1m[34mSELECT "cats".* FROM "cats" /* loading for inspect */ LIMIT $1[0m  [["LIMIT", 11]]
  ↳ (eval):72:in `block in render'
Started POST "/__better_errors/7575ade9969661a8/variables" for ::1 at 2023-03-10 16:27:03 -0800
  [1m[36mCat Load (0.3ms)[0m  [1m[34mSELECT "cats".* FROM "cats" /* loading for inspect */ LIMIT $1[0m  [["LIMIT", 11]]
  ↳ (eval):72:in `block in render'
Started GET "/" for ::1 at 2023-03-10 16:27:10 -0800
Processing by CatsController#index as HTML
  Rendering layout layouts/application.html.erb
  Rendering cats/index.html.erb within layouts/application
  Rendered cats/index.html.erb within layouts/application (Duration: 17.0ms | Allocations: 5204)
  Rendered layout layouts/application.html.erb (Duration: 17.8ms | Allocations: 5293)
Completed 500 Internal Server Error in 21ms (ActiveRecord: 0.0ms | Allocations: 5991)



NameError - undefined local variable or method `new_user_url' for #<ActionView::Base:0x00000000005938>
Did you mean?  new_cat_url:
  app/views/cats/index.html.erb:3
  app/controllers/cats_controller.rb:4:in `index'

Started POST "/__better_errors/181137342f95e224/variables" for ::1 at 2023-03-10 16:27:10 -0800
  [1m[36mCat Load (0.3ms)[0m  [1m[34mSELECT "cats".* FROM "cats" /* loading for inspect */ LIMIT $1[0m  [["LIMIT", 11]]
  ↳ (eval):72:in `block in render'
  [1m[36mCACHE Cat Load (0.0ms)[0m  [1m[34mSELECT "cats".* FROM "cats" /* loading for inspect */ LIMIT $1[0m  [["LIMIT", 11]]
  ↳ (eval):72:in `block in render'
Started POST "/__better_errors/181137342f95e224/variables" for ::1 at 2023-03-10 16:27:13 -0800
  [1m[36mCat Load (0.2ms)[0m  [1m[34mSELECT "cats".* FROM "cats" /* loading for inspect */ LIMIT $1[0m  [["LIMIT", 11]]
  ↳ (eval):72:in `block in render'
Started GET "/" for ::1 at 2023-03-10 16:27:20 -0800
Processing by CatsController#index as HTML
  Rendering layout layouts/application.html.erb
  Rendering cats/index.html.erb within layouts/application
  [1m[36mCat Load (0.2ms)[0m  [1m[34mSELECT "cats".* FROM "cats"[0m
  ↳ app/views/cats/index.html.erb:4
  Rendered cats/index.html.erb within layouts/application (Duration: 6.3ms | Allocations: 6019)
  Rendered layout layouts/application.html.erb (Duration: 6.4ms | Allocations: 6105)
Completed 500 Internal Server Error in 8ms (ActiveRecord: 0.2ms | Allocations: 6795)



NameError - undefined local variable or method `cats' for #<ActionView::Base:0x00000000005a00>
Did you mean?  cat
               @cats:
  app/views/cats/index.html.erb:5
  app/views/cats/index.html.erb:4
  app/controllers/cats_controller.rb:4:in `index'

Started POST "/__better_errors/27f9834a60cdcdc3/variables" for ::1 at 2023-03-10 16:27:20 -0800
Started GET "/" for ::1 at 2023-03-10 16:27:20 -0800
Processing by CatsController#index as HTML
  Rendering layout layouts/application.html.erb
  Rendering cats/index.html.erb within layouts/application
  [1m[36mCat Load (0.5ms)[0m  [1m[34mSELECT "cats".* FROM "cats"[0m
  ↳ app/views/cats/index.html.erb:4
  Rendered cats/index.html.erb within layouts/application (Duration: 11.1ms | Allocations: 5784)
  Rendered layout layouts/application.html.erb (Duration: 11.5ms | Allocations: 5864)
Completed 500 Internal Server Error in 12ms (ActiveRecord: 0.5ms | Allocations: 6113)



NameError - undefined local variable or method `cats' for #<ActionView::Base:0x00000000005aa0>
Did you mean?  cat
               @cats:
  app/views/cats/index.html.erb:5
  app/views/cats/index.html.erb:4
  app/controllers/cats_controller.rb:4:in `index'

Started POST "/__better_errors/e291b1d9671f1597/variables" for ::1 at 2023-03-10 16:27:20 -0800
Started GET "/" for ::1 at 2023-03-10 16:28:11 -0800
Processing by CatsController#index as HTML
  Rendering layout layouts/application.html.erb
  Rendering cats/index.html.erb within layouts/application
  Rendered cats/index.html.erb within layouts/application (Duration: 9.8ms | Allocations: 5181)
  Rendered layout layouts/application.html.erb (Duration: 9.9ms | Allocations: 5269)
Completed 500 Internal Server Error in 11ms (ActiveRecord: 0.0ms | Allocations: 5968)



NameError - undefined local variable or method `new_user_url' for #<ActionView::Base:0x00000000005b90>
Did you mean?  new_cat_url:
  app/views/cats/index.html.erb:3
  app/controllers/cats_controller.rb:4:in `index'

Started POST "/__better_errors/ad03285534d518f3/variables" for ::1 at 2023-03-10 16:28:11 -0800
  [1m[36mCat Load (0.3ms)[0m  [1m[34mSELECT "cats".* FROM "cats" /* loading for inspect */ LIMIT $1[0m  [["LIMIT", 11]]
  ↳ (eval):72:in `block in render'
  [1m[36mCACHE Cat Load (0.0ms)[0m  [1m[34mSELECT "cats".* FROM "cats" /* loading for inspect */ LIMIT $1[0m  [["LIMIT", 11]]
  ↳ (eval):72:in `block in render'
Started GET "/" for ::1 at 2023-03-10 16:28:11 -0800
Processing by CatsController#index as HTML
  Rendering layout layouts/application.html.erb
  Rendering cats/index.html.erb within layouts/application
  Rendered cats/index.html.erb within layouts/application (Duration: 16.6ms | Allocations: 4977)
  Rendered layout layouts/application.html.erb (Duration: 16.8ms | Allocations: 5057)
Completed 500 Internal Server Error in 18ms (ActiveRecord: 0.0ms | Allocations: 5302)



NameError - undefined local variable or method `new_user_url' for #<ActionView::Base:0x00000000005c58>
Did you mean?  new_cat_url:
  app/views/cats/index.html.erb:3
  app/controllers/cats_controller.rb:4:in `index'

Started POST "/__better_errors/05a593f420552716/variables" for ::1 at 2023-03-10 16:28:11 -0800
  [1m[36mCat Load (0.3ms)[0m  [1m[34mSELECT "cats".* FROM "cats" /* loading for inspect */ LIMIT $1[0m  [["LIMIT", 11]]
  ↳ (eval):72:in `block in render'
  [1m[36mCACHE Cat Load (0.0ms)[0m  [1m[34mSELECT "cats".* FROM "cats" /* loading for inspect */ LIMIT $1[0m  [["LIMIT", 11]]
  ↳ (eval):72:in `block in render'
Started GET "/" for ::1 at 2023-03-10 16:28:20 -0800
Processing by CatsController#index as HTML
  Rendering layout layouts/application.html.erb
  Rendering cats/index.html.erb within layouts/application
  [1m[36mCat Load (0.2ms)[0m  [1m[34mSELECT "cats".* FROM "cats"[0m
  ↳ app/views/cats/index.html.erb:4
  Rendered cats/index.html.erb within layouts/application (Duration: 1.5ms | Allocations: 935)
  Rendered layout layouts/application.html.erb (Duration: 4.8ms | Allocations: 2457)
Completed 200 OK in 7ms (Views: 6.3ms | ActiveRecord: 0.2ms | Allocations: 3184)


Started GET "/cats/8" for ::1 at 2023-03-10 16:28:21 -0800
Processing by CatsController#show as HTML
  Parameters: {"id"=>"8"}
  [1m[36mCat Load (0.6ms)[0m  [1m[34mSELECT "cats".* FROM "cats" WHERE "cats"."id" = $1 LIMIT $2[0m  [["id", 8], ["LIMIT", 1]]
  ↳ app/controllers/cats_controller.rb:12:in `show'
  Rendering layout layouts/application.html.erb
  Rendering cats/show.html.erb within layouts/application
  Rendered cats/show.html.erb within layouts/application (Duration: 1.9ms | Allocations: 1569)
  Rendered layout layouts/application.html.erb (Duration: 2.1ms | Allocations: 1649)
Completed 500 Internal Server Error in 7ms (ActiveRecord: 0.6ms | Allocations: 3358)



ActionView::SyntaxErrorInTemplate - Encountered a syntax error while rendering template: check <h1> @cat.name </h1>
<table>
    <tr>
        <td>Birthdate: <%= cat.birth_date %></td>
    </tr>
    <tr>
        <td>Color: <%= cat.color %></td>
    </tr>
    <tr>
        <td>Sex: <%= cat.sex %></td>
    </tr>
    <tr>
        <td>Description: <%= cat.description %></td>
    </tr>
</table>
 # <th><%= render 'cat', cat: @cat, action: :show %></th>
        # <th><% [:birth_date, :color, :name, :sex, :description].each do |attr| %></th>
        # <%= cat.attr %>:
  app/controllers/cats_controller.rb:13:in `show'

Started POST "/__better_errors/83bdeee9ba1fb9c2/variables" for ::1 at 2023-03-10 16:28:21 -0800
Started GET "/cats/8" for ::1 at 2023-03-10 16:29:09 -0800
Processing by CatsController#show as HTML
  Parameters: {"id"=>"8"}
  [1m[36mCat Load (0.4ms)[0m  [1m[34mSELECT "cats".* FROM "cats" WHERE "cats"."id" = $1 LIMIT $2[0m  [["id", 8], ["LIMIT", 1]]
  ↳ app/controllers/cats_controller.rb:12:in `show'
  Rendering layout layouts/application.html.erb
  Rendering cats/show.html.erb within layouts/application
  Rendered cats/show.html.erb within layouts/application (Duration: 2.4ms | Allocations: 1658)
  Rendered layout layouts/application.html.erb (Duration: 3.0ms | Allocations: 1747)
Completed 500 Internal Server Error in 9ms (ActiveRecord: 0.4ms | Allocations: 3013)



ActionView::SyntaxErrorInTemplate - Encountered a syntax error while rendering template: check <h1> Hi </h1>
<table>
    <tr>
        <td>Birthdate: <%= cat.birth_date %></td>
    </tr>
    <tr>
        <td>Color: <%= cat.color %></td>
    </tr>
    <tr>
        <td>Sex: <%= cat.sex %></td>
    </tr>
    <tr>
        <td>Description: <%= cat.description %></td>
    </tr>
</table>
 # <th><%= render 'cat', cat: @cat, action: :show %></th>
        # <th><% [:birth_date, :color, :name, :sex, :description].each do |attr| %></th>
        # <%= cat.attr %>:
  app/controllers/cats_controller.rb:13:in `show'

Started POST "/__better_errors/b585d7bddfba5953/variables" for ::1 at 2023-03-10 16:29:09 -0800
Started GET "/cats/8" for ::1 at 2023-03-10 16:29:10 -0800
Processing by CatsController#show as HTML
  Parameters: {"id"=>"8"}
  [1m[36mCat Load (0.3ms)[0m  [1m[34mSELECT "cats".* FROM "cats" WHERE "cats"."id" = $1 LIMIT $2[0m  [["id", 8], ["LIMIT", 1]]
  ↳ app/controllers/cats_controller.rb:12:in `show'
  Rendering layout layouts/application.html.erb
  Rendering cats/show.html.erb within layouts/application
  Rendered cats/show.html.erb within layouts/application (Duration: 2.1ms | Allocations: 1640)
  Rendered layout layouts/application.html.erb (Duration: 2.3ms | Allocations: 1721)
Completed 500 Internal Server Error in 5ms (ActiveRecord: 0.3ms | Allocations: 2535)



ActionView::SyntaxErrorInTemplate - Encountered a syntax error while rendering template: check <h1> Hi </h1>
<table>
    <tr>
        <td>Birthdate: <%= cat.birth_date %></td>
    </tr>
    <tr>
        <td>Color: <%= cat.color %></td>
    </tr>
    <tr>
        <td>Sex: <%= cat.sex %></td>
    </tr>
    <tr>
        <td>Description: <%= cat.description %></td>
    </tr>
</table>
 # <th><%= render 'cat', cat: @cat, action: :show %></th>
        # <th><% [:birth_date, :color, :name, :sex, :description].each do |attr| %></th>
        # <%= cat.attr %>:
  app/controllers/cats_controller.rb:13:in `show'

Started POST "/__better_errors/a4bbbd5c69dc7643/variables" for ::1 at 2023-03-10 16:29:10 -0800
Started GET "/cats/8" for ::1 at 2023-03-10 16:29:10 -0800
Processing by CatsController#show as HTML
  Parameters: {"id"=>"8"}
  [1m[36mCat Load (0.2ms)[0m  [1m[34mSELECT "cats".* FROM "cats" WHERE "cats"."id" = $1 LIMIT $2[0m  [["id", 8], ["LIMIT", 1]]
  ↳ app/controllers/cats_controller.rb:12:in `show'
  Rendering layout layouts/application.html.erb
  Rendering cats/show.html.erb within layouts/application
  Rendered cats/show.html.erb within layouts/application (Duration: 2.1ms | Allocations: 1643)
  Rendered layout layouts/application.html.erb (Duration: 2.5ms | Allocations: 1724)
Completed 500 Internal Server Error in 13ms (ActiveRecord: 0.2ms | Allocations: 2536)



ActionView::SyntaxErrorInTemplate - Encountered a syntax error while rendering template: check <h1> Hi </h1>
<table>
    <tr>
        <td>Birthdate: <%= cat.birth_date %></td>
    </tr>
    <tr>
        <td>Color: <%= cat.color %></td>
    </tr>
    <tr>
        <td>Sex: <%= cat.sex %></td>
    </tr>
    <tr>
        <td>Description: <%= cat.description %></td>
    </tr>
</table>
 # <th><%= render 'cat', cat: @cat, action: :show %></th>
        # <th><% [:birth_date, :color, :name, :sex, :description].each do |attr| %></th>
        # <%= cat.attr %>:
  app/controllers/cats_controller.rb:13:in `show'

Started POST "/__better_errors/0dd56415ed7ade91/variables" for ::1 at 2023-03-10 16:29:10 -0800
Started GET "/cats/1" for ::1 at 2023-03-10 16:29:13 -0800
Processing by CatsController#show as HTML
  Parameters: {"id"=>"1"}
  [1m[36mCat Load (0.1ms)[0m  [1m[34mSELECT "cats".* FROM "cats" WHERE "cats"."id" = $1 LIMIT $2[0m  [["id", 1], ["LIMIT", 1]]
  ↳ app/controllers/cats_controller.rb:12:in `show'
  Rendering layout layouts/application.html.erb
  Rendering cats/show.html.erb within layouts/application
  Rendered cats/show.html.erb within layouts/application (Duration: 1.4ms | Allocations: 1640)
  Rendered layout layouts/application.html.erb (Duration: 1.6ms | Allocations: 1721)
Completed 500 Internal Server Error in 5ms (ActiveRecord: 0.1ms | Allocations: 2519)



ActionView::SyntaxErrorInTemplate - Encountered a syntax error while rendering template: check <h1> Hi </h1>
<table>
    <tr>
        <td>Birthdate: <%= cat.birth_date %></td>
    </tr>
    <tr>
        <td>Color: <%= cat.color %></td>
    </tr>
    <tr>
        <td>Sex: <%= cat.sex %></td>
    </tr>
    <tr>
        <td>Description: <%= cat.description %></td>
    </tr>
</table>
 # <th><%= render 'cat', cat: @cat, action: :show %></th>
        # <th><% [:birth_date, :color, :name, :sex, :description].each do |attr| %></th>
        # <%= cat.attr %>:
  app/controllers/cats_controller.rb:13:in `show'

Started POST "/__better_errors/92be40cf70bb273e/variables" for ::1 at 2023-03-10 16:29:13 -0800
Started GET "/cats/1" for ::1 at 2023-03-10 16:29:14 -0800
Processing by CatsController#show as HTML
  Parameters: {"id"=>"1"}
  [1m[36mCat Load (0.2ms)[0m  [1m[34mSELECT "cats".* FROM "cats" WHERE "cats"."id" = $1 LIMIT $2[0m  [["id", 1], ["LIMIT", 1]]
  ↳ app/controllers/cats_controller.rb:12:in `show'
  Rendering layout layouts/application.html.erb
  Rendering cats/show.html.erb within layouts/application
  Rendered cats/show.html.erb within layouts/application (Duration: 1.8ms | Allocations: 1640)
  Rendered layout layouts/application.html.erb (Duration: 2.2ms | Allocations: 1721)
Completed 500 Internal Server Error in 5ms (ActiveRecord: 0.2ms | Allocations: 2519)



ActionView::SyntaxErrorInTemplate - Encountered a syntax error while rendering template: check <h1> Hi </h1>
<table>
    <tr>
        <td>Birthdate: <%= cat.birth_date %></td>
    </tr>
    <tr>
        <td>Color: <%= cat.color %></td>
    </tr>
    <tr>
        <td>Sex: <%= cat.sex %></td>
    </tr>
    <tr>
        <td>Description: <%= cat.description %></td>
    </tr>
</table>
 # <th><%= render 'cat', cat: @cat, action: :show %></th>
        # <th><% [:birth_date, :color, :name, :sex, :description].each do |attr| %></th>
        # <%= cat.attr %>:
  app/controllers/cats_controller.rb:13:in `show'

Started POST "/__better_errors/b46969a6175e82f1/variables" for ::1 at 2023-03-10 16:29:14 -0800
Started GET "/cats/1" for ::1 at 2023-03-10 16:29:36 -0800
Processing by CatsController#show as HTML
  Parameters: {"id"=>"1"}
  [1m[36mCat Load (0.3ms)[0m  [1m[34mSELECT "cats".* FROM "cats" WHERE "cats"."id" = $1 LIMIT $2[0m  [["id", 1], ["LIMIT", 1]]
  ↳ app/controllers/cats_controller.rb:12:in `show'
  Rendering layout layouts/application.html.erb
  Rendering cats/show.html.erb within layouts/application
  Rendered cats/show.html.erb within layouts/application (Duration: 3.9ms | Allocations: 2812)
  Rendered layout layouts/application.html.erb (Duration: 4.2ms | Allocations: 2900)
Completed 500 Internal Server Error in 12ms (ActiveRecord: 0.3ms | Allocations: 4153)



NoMethodError - undefined method `birth_date' for nil:NilClass:
  app/views/cats/show.html.erb:5
  app/controllers/cats_controller.rb:13:in `show'

Started POST "/__better_errors/6118763c7481a267/variables" for ::1 at 2023-03-10 16:29:36 -0800
Started GET "/cats/1" for ::1 at 2023-03-10 16:29:54 -0800
Processing by CatsController#show as HTML
  Parameters: {"id"=>"1"}
  [1m[36mCat Load (1.9ms)[0m  [1m[34mSELECT "cats".* FROM "cats" WHERE "cats"."id" = $1 LIMIT $2[0m  [["id", 1], ["LIMIT", 1]]
  ↳ app/controllers/cats_controller.rb:12:in `show'
  Rendering layout layouts/application.html.erb
  Rendering cats/show.html.erb within layouts/application
  Rendered cats/show.html.erb within layouts/application (Duration: 5.1ms | Allocations: 2786)
  Rendered layout layouts/application.html.erb (Duration: 5.4ms | Allocations: 2874)
Completed 500 Internal Server Error in 14ms (ActiveRecord: 1.9ms | Allocations: 4126)



NoMethodError - undefined method `birth_date' for nil:NilClass:
  app/views/cats/show.html.erb:5
  app/controllers/cats_controller.rb:13:in `show'

Started POST "/__better_errors/f71592c10165936f/variables" for ::1 at 2023-03-10 16:29:54 -0800
Started GET "/cats/1" for ::1 at 2023-03-10 16:29:55 -0800
Processing by CatsController#show as HTML
  Parameters: {"id"=>"1"}
  [1m[36mCat Load (0.2ms)[0m  [1m[34mSELECT "cats".* FROM "cats" WHERE "cats"."id" = $1 LIMIT $2[0m  [["id", 1], ["LIMIT", 1]]
  ↳ app/controllers/cats_controller.rb:12:in `show'
  Rendering layout layouts/application.html.erb
  Rendering cats/show.html.erb within layouts/application
  Rendered cats/show.html.erb within layouts/application (Duration: 3.4ms | Allocations: 2611)
  Rendered layout layouts/application.html.erb (Duration: 3.7ms | Allocations: 2691)
Completed 500 Internal Server Error in 6ms (ActiveRecord: 0.2ms | Allocations: 3489)



NoMethodError - undefined method `birth_date' for nil:NilClass:
  app/views/cats/show.html.erb:5
  app/controllers/cats_controller.rb:13:in `show'

Started POST "/__better_errors/a6c801725ddb8be2/variables" for ::1 at 2023-03-10 16:29:55 -0800
Started GET "/cats/1" for ::1 at 2023-03-10 16:30:10 -0800
Processing by CatsController#show as HTML
  Parameters: {"id"=>"1"}
  [1m[36mCat Load (0.2ms)[0m  [1m[34mSELECT "cats".* FROM "cats" WHERE "cats"."id" = $1 LIMIT $2[0m  [["id", 1], ["LIMIT", 1]]
  ↳ app/controllers/cats_controller.rb:12:in `show'
  Rendering layout layouts/application.html.erb
  Rendering cats/show.html.erb within layouts/application
  Rendered cats/show.html.erb within layouts/application (Duration: 0.7ms | Allocations: 1608)
  Rendered layout layouts/application.html.erb (Duration: 0.8ms | Allocations: 1697)
Completed 500 Internal Server Error in 3ms (ActiveRecord: 0.2ms | Allocations: 2950)



ActionView::SyntaxErrorInTemplate - Encountered a syntax error while rendering template: check <h1> Hi </h1>
<table>
    # <tr>
    #     <td>Birthdate: <%= #@cat.birth_date %></td>
    # </tr>
    # <tr>
    #     <td>Color: <%= #@cat.color %></td>
    # </tr>
    # <tr>
    #     <td>Sex: <%= #@cat.sex %></td>
    # </tr>
    # <tr>
    #     <td>Description: <%= #@cat.description %></td>
    # </tr>
</table>:
  app/controllers/cats_controller.rb:13:in `show'

Started POST "/__better_errors/4f772b16b9858355/variables" for ::1 at 2023-03-10 16:30:10 -0800
Started GET "/cats/1" for ::1 at 2023-03-10 16:30:10 -0800
Processing by CatsController#show as HTML
  Parameters: {"id"=>"1"}
  [1m[36mCat Load (0.1ms)[0m  [1m[34mSELECT "cats".* FROM "cats" WHERE "cats"."id" = $1 LIMIT $2[0m  [["id", 1], ["LIMIT", 1]]
  ↳ app/controllers/cats_controller.rb:12:in `show'
  Rendering layout layouts/application.html.erb
  Rendering cats/show.html.erb within layouts/application
  Rendered cats/show.html.erb within layouts/application (Duration: 0.7ms | Allocations: 1583)
  Rendered layout layouts/application.html.erb (Duration: 0.8ms | Allocations: 1664)
Completed 500 Internal Server Error in 3ms (ActiveRecord: 0.1ms | Allocations: 2463)



ActionView::SyntaxErrorInTemplate - Encountered a syntax error while rendering template: check <h1> Hi </h1>
<table>
    # <tr>
    #     <td>Birthdate: <%= #@cat.birth_date %></td>
    # </tr>
    # <tr>
    #     <td>Color: <%= #@cat.color %></td>
    # </tr>
    # <tr>
    #     <td>Sex: <%= #@cat.sex %></td>
    # </tr>
    # <tr>
    #     <td>Description: <%= #@cat.description %></td>
    # </tr>
</table>:
  app/controllers/cats_controller.rb:13:in `show'

Started POST "/__better_errors/af68014d129a885f/variables" for ::1 at 2023-03-10 16:30:10 -0800
Started GET "/cats/1" for ::1 at 2023-03-10 16:30:11 -0800
Processing by CatsController#show as HTML
  Parameters: {"id"=>"1"}
  [1m[36mCat Load (0.2ms)[0m  [1m[34mSELECT "cats".* FROM "cats" WHERE "cats"."id" = $1 LIMIT $2[0m  [["id", 1], ["LIMIT", 1]]
  ↳ app/controllers/cats_controller.rb:12:in `show'
  Rendering layout layouts/application.html.erb
  Rendering cats/show.html.erb within layouts/application
  Rendered cats/show.html.erb within layouts/application (Duration: 2.1ms | Allocations: 1585)
  Rendered layout layouts/application.html.erb (Duration: 2.4ms | Allocations: 1666)
Completed 500 Internal Server Error in 5ms (ActiveRecord: 0.2ms | Allocations: 2464)



ActionView::SyntaxErrorInTemplate - Encountered a syntax error while rendering template: check <h1> Hi </h1>
<table>
    # <tr>
    #     <td>Birthdate: <%= #@cat.birth_date %></td>
    # </tr>
    # <tr>
    #     <td>Color: <%= #@cat.color %></td>
    # </tr>
    # <tr>
    #     <td>Sex: <%= #@cat.sex %></td>
    # </tr>
    # <tr>
    #     <td>Description: <%= #@cat.description %></td>
    # </tr>
</table>:
  app/controllers/cats_controller.rb:13:in `show'

Started POST "/__better_errors/c831d1427ea8b488/variables" for ::1 at 2023-03-10 16:30:11 -0800
Started GET "/cats/1" for ::1 at 2023-03-10 16:31:27 -0800
Processing by CatsController#show as HTML
  Parameters: {"id"=>"1"}
  [1m[36mCat Load (0.5ms)[0m  [1m[34mSELECT "cats".* FROM "cats" WHERE "cats"."id" = $1 LIMIT $2[0m  [["id", 1], ["LIMIT", 1]]
  ↳ app/controllers/cats_controller.rb:12:in `show'
  Rendering layout layouts/application.html.erb
  Rendering cats/show.html.erb within layouts/application
  Rendered cats/show.html.erb within layouts/application (Duration: 2.7ms | Allocations: 1603)
  Rendered layout layouts/application.html.erb (Duration: 3.2ms | Allocations: 1692)
Completed 500 Internal Server Error in 34ms (ActiveRecord: 0.5ms | Allocations: 2944)



ActionView::SyntaxErrorInTemplate - Encountered a syntax error while rendering template: check <h1> </h1>
<table>
    # <tr>
    #     <td>Birthdate: <%= #@cat.birth_date %></td>
    # </tr>
    # <tr>
    #     <td>Color: <%= #@cat.color %></td>
    # </tr>
    # <tr>
    #     <td>Sex: <%= #@cat.sex %></td>
    # </tr>
    # <tr>
    #     <td>Description: <%= #@cat.description %></td>
    # </tr>
</table>:
  app/controllers/cats_controller.rb:13:in `show'

Started POST "/__better_errors/1efbdaddbd747d75/variables" for ::1 at 2023-03-10 16:31:27 -0800
Started GET "/cats/1" for ::1 at 2023-03-10 16:31:28 -0800
Processing by CatsController#show as HTML
  Parameters: {"id"=>"1"}
  [1m[36mCat Load (0.4ms)[0m  [1m[34mSELECT "cats".* FROM "cats" WHERE "cats"."id" = $1 LIMIT $2[0m  [["id", 1], ["LIMIT", 1]]
  ↳ app/controllers/cats_controller.rb:12:in `show'
  Rendering layout layouts/application.html.erb
  Rendering cats/show.html.erb within layouts/application
  Rendered cats/show.html.erb within layouts/application (Duration: 1.9ms | Allocations: 1586)
  Rendered layout layouts/application.html.erb (Duration: 2.8ms | Allocations: 1667)
Completed 500 Internal Server Error in 6ms (ActiveRecord: 0.4ms | Allocations: 2466)



ActionView::SyntaxErrorInTemplate - Encountered a syntax error while rendering template: check <h1> </h1>
<table>
    # <tr>
    #     <td>Birthdate: <%= #@cat.birth_date %></td>
    # </tr>
    # <tr>
    #     <td>Color: <%= #@cat.color %></td>
    # </tr>
    # <tr>
    #     <td>Sex: <%= #@cat.sex %></td>
    # </tr>
    # <tr>
    #     <td>Description: <%= #@cat.description %></td>
    # </tr>
</table>:
  app/controllers/cats_controller.rb:13:in `show'

Started POST "/__better_errors/6b4dd2739cf0692b/variables" for ::1 at 2023-03-10 16:31:28 -0800
Started GET "/cats/1" for ::1 at 2023-03-10 16:31:28 -0800
Processing by CatsController#show as HTML
  Parameters: {"id"=>"1"}
  [1m[36mCat Load (0.2ms)[0m  [1m[34mSELECT "cats".* FROM "cats" WHERE "cats"."id" = $1 LIMIT $2[0m  [["id", 1], ["LIMIT", 1]]
  ↳ app/controllers/cats_controller.rb:12:in `show'
  Rendering layout layouts/application.html.erb
  Rendering cats/show.html.erb within layouts/application
  Rendered cats/show.html.erb within layouts/application (Duration: 1.6ms | Allocations: 1587)
  Rendered layout layouts/application.html.erb (Duration: 1.8ms | Allocations: 1668)
Completed 500 Internal Server Error in 4ms (ActiveRecord: 0.2ms | Allocations: 2466)



ActionView::SyntaxErrorInTemplate - Encountered a syntax error while rendering template: check <h1> </h1>
<table>
    # <tr>
    #     <td>Birthdate: <%= #@cat.birth_date %></td>
    # </tr>
    # <tr>
    #     <td>Color: <%= #@cat.color %></td>
    # </tr>
    # <tr>
    #     <td>Sex: <%= #@cat.sex %></td>
    # </tr>
    # <tr>
    #     <td>Description: <%= #@cat.description %></td>
    # </tr>
</table>:
  app/controllers/cats_controller.rb:13:in `show'

Started POST "/__better_errors/ea282401a04fa109/variables" for ::1 at 2023-03-10 16:31:28 -0800
Started GET "/cats/1" for ::1 at 2023-03-10 16:31:28 -0800
Processing by CatsController#show as HTML
  Parameters: {"id"=>"1"}
  [1m[36mCat Load (0.2ms)[0m  [1m[34mSELECT "cats".* FROM "cats" WHERE "cats"."id" = $1 LIMIT $2[0m  [["id", 1], ["LIMIT", 1]]
  ↳ app/controllers/cats_controller.rb:12:in `show'
  Rendering layout layouts/application.html.erb
  Rendering cats/show.html.erb within layouts/application
  Rendered cats/show.html.erb within layouts/application (Duration: 1.7ms | Allocations: 1584)
  Rendered layout layouts/application.html.erb (Duration: 2.0ms | Allocations: 1665)
Completed 500 Internal Server Error in 5ms (ActiveRecord: 0.2ms | Allocations: 2463)



ActionView::SyntaxErrorInTemplate - Encountered a syntax error while rendering template: check <h1> </h1>
<table>
    # <tr>
    #     <td>Birthdate: <%= #@cat.birth_date %></td>
    # </tr>
    # <tr>
    #     <td>Color: <%= #@cat.color %></td>
    # </tr>
    # <tr>
    #     <td>Sex: <%= #@cat.sex %></td>
    # </tr>
    # <tr>
    #     <td>Description: <%= #@cat.description %></td>
    # </tr>
</table>:
  app/controllers/cats_controller.rb:13:in `show'

Started POST "/__better_errors/64a81a55ac84cd25/variables" for ::1 at 2023-03-10 16:31:28 -0800
Started GET "/cats/1" for ::1 at 2023-03-10 16:31:28 -0800
Processing by CatsController#show as HTML
  Parameters: {"id"=>"1"}
  [1m[36mCat Load (0.1ms)[0m  [1m[34mSELECT "cats".* FROM "cats" WHERE "cats"."id" = $1 LIMIT $2[0m  [["id", 1], ["LIMIT", 1]]
  ↳ app/controllers/cats_controller.rb:12:in `show'
  Rendering layout layouts/application.html.erb
  Rendering cats/show.html.erb within layouts/application
  Rendered cats/show.html.erb within layouts/application (Duration: 0.5ms | Allocations: 1583)
  Rendered layout layouts/application.html.erb (Duration: 0.6ms | Allocations: 1664)
Completed 500 Internal Server Error in 2ms (ActiveRecord: 0.1ms | Allocations: 2462)



ActionView::SyntaxErrorInTemplate - Encountered a syntax error while rendering template: check <h1> </h1>
<table>
    # <tr>
    #     <td>Birthdate: <%= #@cat.birth_date %></td>
    # </tr>
    # <tr>
    #     <td>Color: <%= #@cat.color %></td>
    # </tr>
    # <tr>
    #     <td>Sex: <%= #@cat.sex %></td>
    # </tr>
    # <tr>
    #     <td>Description: <%= #@cat.description %></td>
    # </tr>
</table>:
  app/controllers/cats_controller.rb:13:in `show'

Started POST "/__better_errors/13cd0173975f2209/variables" for ::1 at 2023-03-10 16:31:28 -0800
Started POST "/__better_errors/0dd56415ed7ade91/variables" for ::1 at 2023-03-10 16:31:45 -0800
Started GET "/cats/10" for ::1 at 2023-03-10 16:31:48 -0800
Processing by CatsController#show as HTML
  Parameters: {"id"=>"10"}
  [1m[36mCat Load (0.3ms)[0m  [1m[34mSELECT "cats".* FROM "cats" WHERE "cats"."id" = $1 LIMIT $2[0m  [["id", 10], ["LIMIT", 1]]
  ↳ app/controllers/cats_controller.rb:12:in `show'
  Rendering layout layouts/application.html.erb
  Rendering cats/show.html.erb within layouts/application
  Rendered cats/show.html.erb within layouts/application (Duration: 1.8ms | Allocations: 1585)
  Rendered layout layouts/application.html.erb (Duration: 2.1ms | Allocations: 1666)
Completed 500 Internal Server Error in 4ms (ActiveRecord: 0.3ms | Allocations: 2478)



ActionView::SyntaxErrorInTemplate - Encountered a syntax error while rendering template: check <h1> </h1>
<table>
    # <tr>
    #     <td>Birthdate: <%= #@cat.birth_date %></td>
    # </tr>
    # <tr>
    #     <td>Color: <%= #@cat.color %></td>
    # </tr>
    # <tr>
    #     <td>Sex: <%= #@cat.sex %></td>
    # </tr>
    # <tr>
    #     <td>Description: <%= #@cat.description %></td>
    # </tr>
</table>:
  app/controllers/cats_controller.rb:13:in `show'

Started POST "/__better_errors/4958eeb5b1e7a9ab/variables" for ::1 at 2023-03-10 16:31:48 -0800
Started GET "/cats/10" for ::1 at 2023-03-10 16:33:46 -0800
Processing by CatsController#show as HTML
  Parameters: {"id"=>"10"}
  [1m[36mCat Load (0.9ms)[0m  [1m[34mSELECT "cats".* FROM "cats" WHERE "cats"."id" = $1 LIMIT $2[0m  [["id", 10], ["LIMIT", 1]]
  ↳ app/controllers/cats_controller.rb:12:in `show'
  Rendering layout layouts/application.html.erb
  Rendering cats/show.html.erb within layouts/application
  Rendered cats/show.html.erb within layouts/application (Duration: 4.1ms | Allocations: 1603)
  Rendered layout layouts/application.html.erb (Duration: 4.3ms | Allocations: 1692)
Completed 500 Internal Server Error in 15ms (ActiveRecord: 0.9ms | Allocations: 2958)



ActionView::SyntaxErrorInTemplate - Encountered a syntax error while rendering template: check <h1> hi </h1>
<table>
    # <tr>
    #     <td>Birthdate: <%= #@cat.birth_date %></td>
    # </tr>
    # <tr>
    #     <td>Color: <%= #@cat.color %></td>
    # </tr>
    # <tr>
    #     <td>Sex: <%= #@cat.sex %></td>
    # </tr>
    # <tr>
    #     <td>Description: <%= #@cat.description %></td>
    # </tr>
</table>:
  app/controllers/cats_controller.rb:13:in `show'

Started POST "/__better_errors/2cf5137312cbaef8/variables" for ::1 at 2023-03-10 16:33:46 -0800
Started GET "/cats/1" for ::1 at 2023-03-10 16:33:48 -0800
Processing by CatsController#show as HTML
  Parameters: {"id"=>"1"}
  [1m[36mCat Load (0.5ms)[0m  [1m[34mSELECT "cats".* FROM "cats" WHERE "cats"."id" = $1 LIMIT $2[0m  [["id", 1], ["LIMIT", 1]]
  ↳ app/controllers/cats_controller.rb:12:in `show'
  Rendering layout layouts/application.html.erb
  Rendering cats/show.html.erb within layouts/application
  Rendered cats/show.html.erb within layouts/application (Duration: 2.0ms | Allocations: 1591)
  Rendered layout layouts/application.html.erb (Duration: 2.2ms | Allocations: 1672)
Completed 500 Internal Server Error in 6ms (ActiveRecord: 0.5ms | Allocations: 2471)



ActionView::SyntaxErrorInTemplate - Encountered a syntax error while rendering template: check <h1> hi </h1>
<table>
    # <tr>
    #     <td>Birthdate: <%= #@cat.birth_date %></td>
    # </tr>
    # <tr>
    #     <td>Color: <%= #@cat.color %></td>
    # </tr>
    # <tr>
    #     <td>Sex: <%= #@cat.sex %></td>
    # </tr>
    # <tr>
    #     <td>Description: <%= #@cat.description %></td>
    # </tr>
</table>:
  app/controllers/cats_controller.rb:13:in `show'

Started POST "/__better_errors/12cc71c3f966bd5e/variables" for ::1 at 2023-03-10 16:33:48 -0800
Started GET "/cats/2" for ::1 at 2023-03-10 16:33:51 -0800
Processing by CatsController#show as HTML
  Parameters: {"id"=>"2"}
  [1m[36mCat Load (0.4ms)[0m  [1m[34mSELECT "cats".* FROM "cats" WHERE "cats"."id" = $1 LIMIT $2[0m  [["id", 2], ["LIMIT", 1]]
  ↳ app/controllers/cats_controller.rb:12:in `show'
  Rendering layout layouts/application.html.erb
  Rendering cats/show.html.erb within layouts/application
  Rendered cats/show.html.erb within layouts/application (Duration: 1.8ms | Allocations: 1586)
  Rendered layout layouts/application.html.erb (Duration: 2.1ms | Allocations: 1667)
Completed 500 Internal Server Error in 7ms (ActiveRecord: 0.4ms | Allocations: 2465)



ActionView::SyntaxErrorInTemplate - Encountered a syntax error while rendering template: check <h1> hi </h1>
<table>
    # <tr>
    #     <td>Birthdate: <%= #@cat.birth_date %></td>
    # </tr>
    # <tr>
    #     <td>Color: <%= #@cat.color %></td>
    # </tr>
    # <tr>
    #     <td>Sex: <%= #@cat.sex %></td>
    # </tr>
    # <tr>
    #     <td>Description: <%= #@cat.description %></td>
    # </tr>
</table>:
  app/controllers/cats_controller.rb:13:in `show'

Started POST "/__better_errors/f565822e7a6aff04/variables" for ::1 at 2023-03-10 16:33:51 -0800
Started GET "/cats/1" for ::1 at 2023-03-10 16:34:00 -0800
Processing by CatsController#show as HTML
  Parameters: {"id"=>"1"}
  [1m[36mCat Load (0.3ms)[0m  [1m[34mSELECT "cats".* FROM "cats" WHERE "cats"."id" = $1 LIMIT $2[0m  [["id", 1], ["LIMIT", 1]]
  ↳ app/controllers/cats_controller.rb:12:in `show'
  Rendering layout layouts/application.html.erb
  Rendering cats/show.html.erb within layouts/application
  Rendered cats/show.html.erb within layouts/application (Duration: 1.5ms | Allocations: 1585)
  Rendered layout layouts/application.html.erb (Duration: 1.7ms | Allocations: 1666)
Completed 500 Internal Server Error in 6ms (ActiveRecord: 0.3ms | Allocations: 2464)



ActionView::SyntaxErrorInTemplate - Encountered a syntax error while rendering template: check <h1> hi </h1>
<table>
    # <tr>
    #     <td>Birthdate: <%= #@cat.birth_date %></td>
    # </tr>
    # <tr>
    #     <td>Color: <%= #@cat.color %></td>
    # </tr>
    # <tr>
    #     <td>Sex: <%= #@cat.sex %></td>
    # </tr>
    # <tr>
    #     <td>Description: <%= #@cat.description %></td>
    # </tr>
</table>:
  app/controllers/cats_controller.rb:13:in `show'

Started GET "/cats/10" for ::1 at 2023-03-10 16:34:01 -0800
Processing by CatsController#show as HTML
  Parameters: {"id"=>"10"}
  [1m[36mCat Load (0.3ms)[0m  [1m[34mSELECT "cats".* FROM "cats" WHERE "cats"."id" = $1 LIMIT $2[0m  [["id", 10], ["LIMIT", 1]]
  ↳ app/controllers/cats_controller.rb:12:in `show'
  Rendering layout layouts/application.html.erb
  Rendering cats/show.html.erb within layouts/application
  Rendered cats/show.html.erb within layouts/application (Duration: 2.4ms | Allocations: 1560)
  Rendered layout layouts/application.html.erb (Duration: 2.7ms | Allocations: 1640)
Completed 500 Internal Server Error in 6ms (ActiveRecord: 0.3ms | Allocations: 2324)



ActionView::SyntaxErrorInTemplate - Encountered a syntax error while rendering template: check <h1> hi </h1>
<table>
    # <tr>
    #     <td>Birthdate: <%= #@cat.birth_date %></td>
    # </tr>
    # <tr>
    #     <td>Color: <%= #@cat.color %></td>
    # </tr>
    # <tr>
    #     <td>Sex: <%= #@cat.sex %></td>
    # </tr>
    # <tr>
    #     <td>Description: <%= #@cat.description %></td>
    # </tr>
</table>:
  app/controllers/cats_controller.rb:13:in `show'

Started POST "/__better_errors/03c09d2fb8fef4ef/variables" for ::1 at 2023-03-10 16:34:01 -0800
  [1m[36mActiveRecord::SchemaMigration Pluck (0.4ms)[0m  [1m[34mSELECT "schema_migrations"."version" FROM "schema_migrations" ORDER BY "schema_migrations"."version" ASC[0m
  [1m[36mCat Load (0.4ms)[0m  [1m[34mSELECT "cats".* FROM "cats"[0m
  [1m[36mTRANSACTION (0.1ms)[0m  [1m[35mBEGIN[0m
  [1m[36mCat Destroy (6.3ms)[0m  [1m[31mDELETE FROM "cats" WHERE "cats"."id" = $1[0m  [["id", 8]]
  [1m[36mTRANSACTION (1.3ms)[0m  [1m[35mCOMMIT[0m
  [1m[36mTRANSACTION (0.1ms)[0m  [1m[35mBEGIN[0m
  [1m[36mCat Destroy (0.2ms)[0m  [1m[31mDELETE FROM "cats" WHERE "cats"."id" = $1[0m  [["id", 9]]
  [1m[36mTRANSACTION (0.2ms)[0m  [1m[35mCOMMIT[0m
  [1m[36mTRANSACTION (0.1ms)[0m  [1m[35mBEGIN[0m
  [1m[36mCat Destroy (0.1ms)[0m  [1m[31mDELETE FROM "cats" WHERE "cats"."id" = $1[0m  [["id", 10]]
  [1m[36mTRANSACTION (0.1ms)[0m  [1m[35mCOMMIT[0m
  [1m[36mTRANSACTION (0.1ms)[0m  [1m[35mBEGIN[0m
  [1m[36mCat Destroy (0.2ms)[0m  [1m[31mDELETE FROM "cats" WHERE "cats"."id" = $1[0m  [["id", 11]]
  [1m[36mTRANSACTION (0.3ms)[0m  [1m[35mCOMMIT[0m
  [1m[36mTRANSACTION (0.2ms)[0m  [1m[35mBEGIN[0m
  [1m[36mCat Destroy (0.5ms)[0m  [1m[31mDELETE FROM "cats" WHERE "cats"."id" = $1[0m  [["id", 12]]
  [1m[36mTRANSACTION (0.3ms)[0m  [1m[35mCOMMIT[0m
  [1m[36mTRANSACTION (0.1ms)[0m  [1m[35mBEGIN[0m
  [1m[36mCat Create (6.5ms)[0m  [1m[32mINSERT INTO "cats" ("birth_date", "color", "name", "sex", "description", "created_at", "updated_at") VALUES ($1, $2, $3, $4, $5, $6, $7) RETURNING "id"[0m  [["birth_date", "2010-01-01"], ["color", "brown"], ["name", "bob"], ["sex", "M"], ["description", nil], ["created_at", "2023-03-11 00:34:17.662029"], ["updated_at", "2023-03-11 00:34:17.662029"]]
  [1m[36mTRANSACTION (0.2ms)[0m  [1m[35mCOMMIT[0m
  [1m[36mTRANSACTION (0.1ms)[0m  [1m[35mBEGIN[0m
  [1m[36mCat Create (0.6ms)[0m  [1m[32mINSERT INTO "cats" ("birth_date", "color", "name", "sex", "description", "created_at", "updated_at") VALUES ($1, $2, $3, $4, $5, $6, $7) RETURNING "id"[0m  [["birth_date", "2009-01-01"], ["color", "black"], ["name", "george"], ["sex", "M"], ["description", nil], ["created_at", "2023-03-11 00:34:17.670587"], ["updated_at", "2023-03-11 00:34:17.670587"]]
  [1m[36mTRANSACTION (0.1ms)[0m  [1m[35mCOMMIT[0m
  [1m[36mTRANSACTION (0.1ms)[0m  [1m[35mBEGIN[0m
  [1m[36mCat Create (0.3ms)[0m  [1m[32mINSERT INTO "cats" ("birth_date", "color", "name", "sex", "description", "created_at", "updated_at") VALUES ($1, $2, $3, $4, $5, $6, $7) RETURNING "id"[0m  [["birth_date", "2008-01-01"], ["color", "grey"], ["name", "sam"], ["sex", "M"], ["description", nil], ["created_at", "2023-03-11 00:34:17.672787"], ["updated_at", "2023-03-11 00:34:17.672787"]]
  [1m[36mTRANSACTION (0.2ms)[0m  [1m[35mCOMMIT[0m
  [1m[36mTRANSACTION (0.1ms)[0m  [1m[35mBEGIN[0m
  [1m[36mCat Create (0.3ms)[0m  [1m[32mINSERT INTO "cats" ("birth_date", "color", "name", "sex", "description", "created_at", "updated_at") VALUES ($1, $2, $3, $4, $5, $6, $7) RETURNING "id"[0m  [["birth_date", "2007-01-01"], ["color", "white"], ["name", "marnie"], ["sex", "F"], ["description", nil], ["created_at", "2023-03-11 00:34:17.674708"], ["updated_at", "2023-03-11 00:34:17.674708"]]
  [1m[36mTRANSACTION (0.2ms)[0m  [1m[35mCOMMIT[0m
  [1m[36mTRANSACTION (0.1ms)[0m  [1m[35mBEGIN[0m
  [1m[36mCat Create (0.2ms)[0m  [1m[32mINSERT INTO "cats" ("birth_date", "color", "name", "sex", "description", "created_at", "updated_at") VALUES ($1, $2, $3, $4, $5, $6, $7) RETURNING "id"[0m  [["birth_date", "2006-01-01"], ["color", "yellow"], ["name", "minnie"], ["sex", "F"], ["description", nil], ["created_at", "2023-03-11 00:34:17.676337"], ["updated_at", "2023-03-11 00:34:17.676337"]]
  [1m[36mTRANSACTION (0.2ms)[0m  [1m[35mCOMMIT[0m
  [1m[36mActiveRecord::SchemaMigration Pluck (0.4ms)[0m  [1m[34mSELECT "schema_migrations"."version" FROM "schema_migrations" ORDER BY "schema_migrations"."version" ASC[0m
  [1m[36mCat Load (0.7ms)[0m  [1m[34mSELECT "cats".* FROM "cats"[0m
  [1m[36mTRANSACTION (0.1ms)[0m  [1m[35mBEGIN[0m
  [1m[36mCat Destroy (0.6ms)[0m  [1m[31mDELETE FROM "cats" WHERE "cats"."id" = $1[0m  [["id", 13]]
  [1m[36mTRANSACTION (0.4ms)[0m  [1m[35mCOMMIT[0m
  [1m[36mTRANSACTION (0.1ms)[0m  [1m[35mBEGIN[0m
  [1m[36mCat Destroy (0.2ms)[0m  [1m[31mDELETE FROM "cats" WHERE "cats"."id" = $1[0m  [["id", 14]]
  [1m[36mTRANSACTION (0.2ms)[0m  [1m[35mCOMMIT[0m
  [1m[36mTRANSACTION (0.0ms)[0m  [1m[35mBEGIN[0m
  [1m[36mCat Destroy (0.1ms)[0m  [1m[31mDELETE FROM "cats" WHERE "cats"."id" = $1[0m  [["id", 15]]
  [1m[36mTRANSACTION (0.2ms)[0m  [1m[35mCOMMIT[0m
  [1m[36mTRANSACTION (0.0ms)[0m  [1m[35mBEGIN[0m
  [1m[36mCat Destroy (0.1ms)[0m  [1m[31mDELETE FROM "cats" WHERE "cats"."id" = $1[0m  [["id", 16]]
  [1m[36mTRANSACTION (0.1ms)[0m  [1m[35mCOMMIT[0m
  [1m[36mTRANSACTION (0.0ms)[0m  [1m[35mBEGIN[0m
  [1m[36mCat Destroy (0.1ms)[0m  [1m[31mDELETE FROM "cats" WHERE "cats"."id" = $1[0m  [["id", 17]]
  [1m[36mTRANSACTION (0.1ms)[0m  [1m[35mCOMMIT[0m
  [1m[36mTRANSACTION (0.1ms)[0m  [1m[35mBEGIN[0m
  [1m[36mCat Create (0.4ms)[0m  [1m[32mINSERT INTO "cats" ("birth_date", "color", "name", "sex", "description", "created_at", "updated_at") VALUES ($1, $2, $3, $4, $5, $6, $7) RETURNING "id"[0m  [["birth_date", "2010-01-01"], ["color", "brown"], ["name", "bob"], ["sex", "M"], ["description", nil], ["created_at", "2023-03-11 00:38:27.114371"], ["updated_at", "2023-03-11 00:38:27.114371"]]
  [1m[36mTRANSACTION (0.1ms)[0m  [1m[35mCOMMIT[0m
  [1m[36mTRANSACTION (0.0ms)[0m  [1m[35mBEGIN[0m
  [1m[36mCat Create (0.1ms)[0m  [1m[32mINSERT INTO "cats" ("birth_date", "color", "name", "sex", "description", "created_at", "updated_at") VALUES ($1, $2, $3, $4, $5, $6, $7) RETURNING "id"[0m  [["birth_date", "2009-01-01"], ["color", "black"], ["name", "george"], ["sex", "M"], ["description", nil], ["created_at", "2023-03-11 00:38:27.116720"], ["updated_at", "2023-03-11 00:38:27.116720"]]
  [1m[36mTRANSACTION (0.2ms)[0m  [1m[35mCOMMIT[0m
  [1m[36mTRANSACTION (0.1ms)[0m  [1m[35mBEGIN[0m
  [1m[36mCat Create (0.2ms)[0m  [1m[32mINSERT INTO "cats" ("birth_date", "color", "name", "sex", "description", "created_at", "updated_at") VALUES ($1, $2, $3, $4, $5, $6, $7) RETURNING "id"[0m  [["birth_date", "2008-01-01"], ["color", "grey"], ["name", "sam"], ["sex", "M"], ["description", nil], ["created_at", "2023-03-11 00:38:27.118263"], ["updated_at", "2023-03-11 00:38:27.118263"]]
  [1m[36mTRANSACTION (0.2ms)[0m  [1m[35mCOMMIT[0m
  [1m[36mTRANSACTION (0.0ms)[0m  [1m[35mBEGIN[0m
  [1m[36mCat Create (0.2ms)[0m  [1m[32mINSERT INTO "cats" ("birth_date", "color", "name", "sex", "description", "created_at", "updated_at") VALUES ($1, $2, $3, $4, $5, $6, $7) RETURNING "id"[0m  [["birth_date", "2007-01-01"], ["color", "white"], ["name", "marnie"], ["sex", "F"], ["description", nil], ["created_at", "2023-03-11 00:38:27.119782"], ["updated_at", "2023-03-11 00:38:27.119782"]]
  [1m[36mTRANSACTION (0.2ms)[0m  [1m[35mCOMMIT[0m
  [1m[36mTRANSACTION (0.1ms)[0m  [1m[35mBEGIN[0m
  [1m[36mCat Create (0.2ms)[0m  [1m[32mINSERT INTO "cats" ("birth_date", "color", "name", "sex", "description", "created_at", "updated_at") VALUES ($1, $2, $3, $4, $5, $6, $7) RETURNING "id"[0m  [["birth_date", "2006-01-01"], ["color", "yellow"], ["name", "minnie"], ["sex", "F"], ["description", nil], ["created_at", "2023-03-11 00:38:27.121169"], ["updated_at", "2023-03-11 00:38:27.121169"]]
  [1m[36mTRANSACTION (0.2ms)[0m  [1m[35mCOMMIT[0m
Started GET "/cats/8" for ::1 at 2023-03-10 16:40:27 -0800
  [1m[36mActiveRecord::SchemaMigration Pluck (0.9ms)[0m  [1m[34mSELECT "schema_migrations"."version" FROM "schema_migrations" ORDER BY "schema_migrations"."version" ASC[0m
Processing by CatsController#show as HTML
  Parameters: {"id"=>"8"}
  [1m[36mCat Load (0.3ms)[0m  [1m[34mSELECT "cats".* FROM "cats" WHERE "cats"."id" = $1 LIMIT $2[0m  [["id", 8], ["LIMIT", 1]]
  ↳ app/controllers/cats_controller.rb:12:in `show'
  Rendering layout layouts/application.html.erb
  Rendering cats/show.html.erb within layouts/application
  Rendered cats/show.html.erb within layouts/application (Duration: 1.7ms | Allocations: 2496)
  Rendered layout layouts/application.html.erb (Duration: 1.7ms | Allocations: 2607)
Completed 500 Internal Server Error in 9ms (ActiveRecord: 1.2ms | Allocations: 10412)



ActionView::SyntaxErrorInTemplate - Encountered a syntax error while rendering template: check <h1> hi </h1>
<table>
    # <tr>
    #     <td>Birthdate: <%= #@cat.birth_date %></td>
    # </tr>
    # <tr>
    #     <td>Color: <%= #@cat.color %></td>
    # </tr>
    # <tr>
    #     <td>Sex: <%= #@cat.sex %></td>
    # </tr>
    # <tr>
    #     <td>Description: <%= #@cat.description %></td>
    # </tr>
</table>:
  app/controllers/cats_controller.rb:13:in `show'

Started POST "/__better_errors/1a99b3f681c58d85/variables" for ::1 at 2023-03-10 16:40:27 -0800
Started GET "/cats/2" for ::1 at 2023-03-10 16:40:52 -0800
Processing by CatsController#show as HTML
  Parameters: {"id"=>"2"}
  [1m[36mCat Load (0.7ms)[0m  [1m[34mSELECT "cats".* FROM "cats" WHERE "cats"."id" = $1 LIMIT $2[0m  [["id", 2], ["LIMIT", 1]]
  ↳ app/controllers/cats_controller.rb:12:in `show'
  Rendering layout layouts/application.html.erb
  Rendering cats/show.html.erb within layouts/application
  Rendered cats/show.html.erb within layouts/application (Duration: 2.8ms | Allocations: 1588)
  Rendered layout layouts/application.html.erb (Duration: 3.1ms | Allocations: 1670)
Completed 500 Internal Server Error in 10ms (ActiveRecord: 0.7ms | Allocations: 2491)



ActionView::SyntaxErrorInTemplate - Encountered a syntax error while rendering template: check <h1> hi </h1>
<table>
    # <tr>
    #     <td>Birthdate: <%= #@cat.birth_date %></td>
    # </tr>
    # <tr>
    #     <td>Color: <%= #@cat.color %></td>
    # </tr>
    # <tr>
    #     <td>Sex: <%= #@cat.sex %></td>
    # </tr>
    # <tr>
    #     <td>Description: <%= #@cat.description %></td>
    # </tr>
</table>:
  app/controllers/cats_controller.rb:13:in `show'

Started POST "/__better_errors/e711242554602cad/variables" for ::1 at 2023-03-10 16:40:52 -0800
Started GET "/" for ::1 at 2023-03-10 16:44:01 -0800
  [1m[36mActiveRecord::SchemaMigration Pluck (0.5ms)[0m  [1m[34mSELECT "schema_migrations"."version" FROM "schema_migrations" ORDER BY "schema_migrations"."version" ASC[0m
Processing by CatsController#index as HTML
  Rendering layout layouts/application.html.erb
  Rendering cats/index.html.erb within layouts/application
  [1m[36mCat Load (0.8ms)[0m  [1m[34mSELECT "cats".* FROM "cats"[0m
  ↳ app/views/cats/index.html.erb:4
  Rendered cats/index.html.erb within layouts/application (Duration: 11.4ms | Allocations: 6872)
  Rendered layout layouts/application.html.erb (Duration: 17.2ms | Allocations: 10397)
Completed 200 OK in 22ms (Views: 14.9ms | ActiveRecord: 6.2ms | Allocations: 13814)


Started GET "/cats/18" for ::1 at 2023-03-10 16:44:02 -0800
Processing by CatsController#show as HTML
  Parameters: {"id"=>"18"}
  [1m[36mCat Load (0.3ms)[0m  [1m[34mSELECT "cats".* FROM "cats" WHERE "cats"."id" = $1 LIMIT $2[0m  [["id", 18], ["LIMIT", 1]]
  ↳ app/controllers/cats_controller.rb:12:in `show'
  Rendering layout layouts/application.html.erb
  Rendering cats/index.html.erb within layouts/application
  Rendered cats/index.html.erb within layouts/application (Duration: 3.5ms | Allocations: 3330)
  Rendered layout layouts/application.html.erb (Duration: 3.6ms | Allocations: 3424)
Completed 500 Internal Server Error in 10ms (ActiveRecord: 0.5ms | Allocations: 7258)



NoMethodError - undefined method `each' for nil:NilClass:
  app/views/cats/index.html.erb:4
  app/controllers/cats_controller.rb:13:in `show'

Started POST "/__better_errors/6b8f72c7792ead04/variables" for ::1 at 2023-03-10 16:44:02 -0800
Started POST "/__better_errors/6b8f72c7792ead04/variables" for ::1 at 2023-03-10 16:44:17 -0800
Started GET "/cats/18" for ::1 at 2023-03-10 16:44:28 -0800
Processing by CatsController#show as HTML
  Parameters: {"id"=>"18"}
  [1m[36mCat Load (0.2ms)[0m  [1m[34mSELECT "cats".* FROM "cats" WHERE "cats"."id" = $1 LIMIT $2[0m  [["id", 18], ["LIMIT", 1]]
  ↳ app/controllers/cats_controller.rb:12:in `show'
  Rendering layout layouts/application.html.erb
  Rendering cats/show.html.erb within layouts/application
  Rendered cats/show.html.erb within layouts/application (Duration: 0.9ms | Allocations: 1551)
  Rendered layout layouts/application.html.erb (Duration: 1.0ms | Allocations: 1641)
Completed 500 Internal Server Error in 10ms (ActiveRecord: 4.0ms | Allocations: 7045)



ActionView::SyntaxErrorInTemplate - Encountered a syntax error while rendering template: check <h1> hi </h1>
<table>
    # <tr>
    #     <td>Birthdate: <%= #@cat.birth_date %></td>
    # </tr>
    # <tr>
    #     <td>Color: <%= #@cat.color %></td>
    # </tr>
    # <tr>
    #     <td>Sex: <%= #@cat.sex %></td>
    # </tr>
    # <tr>
    #     <td>Description: <%= #@cat.description %></td>
    # </tr>
</table>:
  app/controllers/cats_controller.rb:13:in `show'

Started POST "/__better_errors/22eb7915ab49bcd8/variables" for ::1 at 2023-03-10 16:44:28 -0800
Started GET "/cats/18" for ::1 at 2023-03-10 16:44:28 -0800
Processing by CatsController#show as HTML
  Parameters: {"id"=>"18"}
  [1m[36mCat Load (0.4ms)[0m  [1m[34mSELECT "cats".* FROM "cats" WHERE "cats"."id" = $1 LIMIT $2[0m  [["id", 18], ["LIMIT", 1]]
  ↳ app/controllers/cats_controller.rb:12:in `show'
  Rendering layout layouts/application.html.erb
  Rendering cats/show.html.erb within layouts/application
  Rendered cats/show.html.erb within layouts/application (Duration: 0.7ms | Allocations: 1583)
  Rendered layout layouts/application.html.erb (Duration: 0.8ms | Allocations: 1664)
Completed 500 Internal Server Error in 3ms (ActiveRecord: 0.4ms | Allocations: 2476)



ActionView::SyntaxErrorInTemplate - Encountered a syntax error while rendering template: check <h1> hi </h1>
<table>
    # <tr>
    #     <td>Birthdate: <%= #@cat.birth_date %></td>
    # </tr>
    # <tr>
    #     <td>Color: <%= #@cat.color %></td>
    # </tr>
    # <tr>
    #     <td>Sex: <%= #@cat.sex %></td>
    # </tr>
    # <tr>
    #     <td>Description: <%= #@cat.description %></td>
    # </tr>
</table>:
  app/controllers/cats_controller.rb:13:in `show'

Started POST "/__better_errors/0d1182d8b9558ced/variables" for ::1 at 2023-03-10 16:44:28 -0800
